  [4;36;1mSQL (0.5ms)[0m   [0;1m SELECT name
 FROM sqlite_master
 WHERE type = 'table' AND NOT name = 'sqlite_sequence'
[0m
  [4;35;1mSQL (0.3ms)[0m   [0mselect sqlite_version(*)[0m
  [4;36;1mSQL (3.8ms)[0m   [0;1mCREATE TABLE "schema_migrations" ("version" varchar(255) NOT NULL) [0m
  [4;35;1mSQL (8.3ms)[0m   [0mCREATE UNIQUE INDEX "unique_schema_migrations" ON "schema_migrations" ("version")[0m
  [4;36;1mSQL (0.4ms)[0m   [0;1m SELECT name
 FROM sqlite_master
 WHERE type = 'table' AND NOT name = 'sqlite_sequence'
[0m
  [4;35;1mSQL (0.2ms)[0m   [0mSELECT version FROM schema_migrations[0m
Migrating to CreateStories (20090726213438)
  [4;36;1mSQL (0.6ms)[0m   [0;1mCREATE TABLE "stories" ("id" INTEGER PRIMARY KEY AUTOINCREMENT NOT NULL, "title" varchar(255), "description" varchar(255), "created_at" datetime, "updated_at" datetime) [0m
  [4;35;1mSQL (0.2ms)[0m   [0mINSERT INTO schema_migrations (version) VALUES ('20090726213438')[0m
  [4;36;1mSQL (0.5ms)[0m   [0;1m SELECT name
 FROM sqlite_master
 WHERE type = 'table' AND NOT name = 'sqlite_sequence'
[0m
  [4;35;1mSQL (0.3ms)[0m   [0mSELECT version FROM schema_migrations[0m
  [4;36;1mSQL (0.3ms)[0m   [0;1m SELECT name
 FROM sqlite_master
 WHERE type = 'table' AND NOT name = 'sqlite_sequence'
[0m
  [4;35;1mSQL (0.1ms)[0m   [0mPRAGMA index_list("stories")[0m


Processing StoriesController#show (for 127.0.0.1 at 2009-07-26 19:20:05) [GET]
  Parameters: {"id"=>"1"}
  [4;36;1mStory Load (0.4ms)[0m   [0;1mSELECT * FROM "stories" WHERE ("stories"."id" = 1) [0m

ActiveRecord::RecordNotFound (Couldn't find Story with ID=1):
  app/controllers/stories_controller.rb:16:in `show'
  /usr/lib/ruby/1.8/webrick/httpserver.rb:104:in `service'
  /usr/lib/ruby/1.8/webrick/httpserver.rb:65:in `run'
  /usr/lib/ruby/1.8/webrick/server.rb:173:in `start_thread'
  /usr/lib/ruby/1.8/webrick/server.rb:162:in `start'
  /usr/lib/ruby/1.8/webrick/server.rb:162:in `start_thread'
  /usr/lib/ruby/1.8/webrick/server.rb:95:in `start'
  /usr/lib/ruby/1.8/webrick/server.rb:92:in `each'
  /usr/lib/ruby/1.8/webrick/server.rb:92:in `start'
  /usr/lib/ruby/1.8/webrick/server.rb:23:in `start'
  /usr/lib/ruby/1.8/webrick/server.rb:82:in `start'

Rendered rescues/_trace (75.1ms)
Rendered rescues/_request_and_response (2.0ms)
Rendering rescues/layout (not_found)


Processing Rails::InfoController#properties (for 127.0.0.1 at 2009-07-26 19:20:22) [GET]
  [4;35;1mSQL (0.7ms)[0m   [0m SELECT name
 FROM sqlite_master
 WHERE type = 'table' AND NOT name = 'sqlite_sequence'
[0m
  [4;36;1mSQL (0.3ms)[0m   [0;1mSELECT version FROM schema_migrations[0m
Completed in 65ms (View: 10, DB: 1) | 200 OK [http://localhost/rails/info/properties]


Processing StoriesController#index (for 127.0.0.1 at 2009-07-26 19:20:26) [GET]
  [4;35;1mStory Load (0.9ms)[0m   [0mSELECT * FROM "stories" [0m
Rendering template within layouts/stories
Rendering stories/index
Completed in 74ms (View: 43, DB: 1) | 200 OK [http://localhost/stories]


Processing StoriesController#new (for 127.0.0.1 at 2009-07-26 19:20:28) [GET]
Rendering template within layouts/stories
Rendering stories/new
Completed in 114ms (View: 11, DB: 0) | 200 OK [http://localhost/stories/new]


Processing StoriesController#create (for 127.0.0.1 at 2009-07-26 19:20:29) [POST]
  Parameters: {"commit"=>"Create", "story"=>{"title"=>"", "description"=>""}, "authenticity_token"=>"623qaErw7R1pKtGLRjIItKHcKRvZdjILBzp/wTjWoPg="}
  [4;36;1mStory Create (1.1ms)[0m   [0;1mINSERT INTO "stories" ("created_at", "title", "updated_at", "description") VALUES('2009-07-26 22:20:29', '', '2009-07-26 22:20:29', '')[0m
Redirected to http://localhost:3000/stories/1
Completed in 75ms (DB: 1) | 302 Found [http://localhost/stories]


Processing StoriesController#show (for 127.0.0.1 at 2009-07-26 19:20:29) [GET]
  Parameters: {"id"=>"1"}
  [4;35;1mStory Load (0.9ms)[0m   [0mSELECT * FROM "stories" WHERE ("stories"."id" = 1) [0m
Rendering template within layouts/stories
Rendering stories/show
Completed in 38ms (View: 8, DB: 1) | 200 OK [http://localhost/stories/1]


Processing StoriesController#index (for 127.0.0.1 at 2009-07-26 19:21:27) [GET]
  [4;36;1mStory Load (1.4ms)[0m   [0;1mSELECT * FROM "stories" [0m
Rendering template within layouts/stories
Rendering stories/index
Completed in 45ms (View: 12, DB: 1) | 200 OK [http://localhost/stories]


Processing StoriesController#edit (for 127.0.0.1 at 2009-07-26 19:21:29) [GET]
  Parameters: {"id"=>"1"}
  [4;35;1mStory Load (0.7ms)[0m   [0mSELECT * FROM "stories" WHERE ("stories"."id" = 1) [0m
Rendering template within layouts/stories
Rendering stories/edit
Completed in 52ms (View: 19, DB: 1) | 200 OK [http://localhost/stories/1/edit]


Processing StoriesController#show (for 127.0.0.1 at 2009-07-26 19:21:37) [GET]
  Parameters: {"id"=>"1"}
  [4;36;1mStory Load (0.4ms)[0m   [0;1mSELECT * FROM "stories" WHERE ("stories"."id" = 1) [0m
Rendering template within layouts/stories
Rendering stories/show
Completed in 25ms (View: 5, DB: 0) | 200 OK [http://localhost/stories/1]


Processing StoriesController#edit (for 127.0.0.1 at 2009-07-26 19:21:38) [GET]
  Parameters: {"id"=>"1"}
  [4;35;1mStory Load (0.7ms)[0m   [0mSELECT * FROM "stories" WHERE ("stories"."id" = 1) [0m
Rendering template within layouts/stories
Rendering stories/edit
Completed in 38ms (View: 11, DB: 1) | 200 OK [http://localhost/stories/1/edit]


Processing StoriesController#update (for 127.0.0.1 at 2009-07-26 19:21:40) [PUT]
  Parameters: {"commit"=>"Update", "story"=>{"title"=>"fasf", "description"=>"fdsafa"}, "authenticity_token"=>"623qaErw7R1pKtGLRjIItKHcKRvZdjILBzp/wTjWoPg=", "id"=>"1"}
  [4;36;1mStory Load (0.5ms)[0m   [0;1mSELECT * FROM "stories" WHERE ("stories"."id" = 1) [0m
  [4;35;1mStory Update (0.4ms)[0m   [0mUPDATE "stories" SET "updated_at" = '2009-07-26 22:21:40', "title" = 'fasf', "description" = 'fdsafa' WHERE "id" = 1[0m
Redirected to http://localhost:3000/stories/1
Completed in 22ms (DB: 1) | 302 Found [http://localhost/stories/1]


Processing StoriesController#show (for 127.0.0.1 at 2009-07-26 19:21:40) [GET]
  Parameters: {"id"=>"1"}
  [4;36;1mStory Load (0.6ms)[0m   [0;1mSELECT * FROM "stories" WHERE ("stories"."id" = 1) [0m
Rendering template within layouts/stories
Rendering stories/show
Completed in 23ms (View: 4, DB: 1) | 200 OK [http://localhost/stories/1]


Processing StoriesController#index (for 127.0.0.1 at 2009-07-26 19:21:42) [GET]
  [4;35;1mStory Load (1.2ms)[0m   [0mSELECT * FROM "stories" [0m
Rendering template within layouts/stories
Rendering stories/index
Completed in 44ms (View: 11, DB: 1) | 200 OK [http://localhost/stories]
  [4;36;1mSQL (0.8ms)[0m   [0;1m SELECT name
 FROM sqlite_master
 WHERE type = 'table' AND NOT name = 'sqlite_sequence'
[0m
  [4;35;1mSQL (0.3ms)[0m   [0mSELECT version FROM schema_migrations[0m
Migrating to CreateStories (20090726213438)
  [4;36;1mSQL (0.3ms)[0m   [0;1mselect sqlite_version(*)[0m
  [4;35;1mSQL (0.4ms)[0m   [0m SELECT name
 FROM sqlite_master
 WHERE type = 'table' AND NOT name = 'sqlite_sequence'
[0m
  [4;36;1mSQL (0.3ms)[0m   [0;1mSELECT version FROM schema_migrations[0m
  [4;35;1mSQL (0.4ms)[0m   [0m SELECT name
 FROM sqlite_master
 WHERE type = 'table' AND NOT name = 'sqlite_sequence'
[0m
  [4;36;1mSQL (0.1ms)[0m   [0;1mPRAGMA index_list("stories")[0m
  [4;36;1mSQL (0.8ms)[0m   [0;1m SELECT name
 FROM sqlite_master
 WHERE type = 'table' AND NOT name = 'sqlite_sequence'
[0m
  [4;35;1mSQL (0.3ms)[0m   [0mSELECT version FROM schema_migrations[0m
  [4;36;1mSQL (0.2ms)[0m   [0;1mselect sqlite_version(*)[0m
  [4;35;1mSQL (0.3ms)[0m   [0m SELECT name
 FROM sqlite_master
 WHERE type = 'table' AND NOT name = 'sqlite_sequence'
[0m
  [4;36;1mSQL (4.0ms)[0m   [0;1mCREATE TABLE "stories" ("id" INTEGER PRIMARY KEY AUTOINCREMENT NOT NULL, "title" varchar(255), "description" varchar(255), "created_at" datetime, "updated_at" datetime) [0m
  [4;35;1mSQL (0.3ms)[0m   [0m SELECT name
 FROM sqlite_master
 WHERE type = 'table' AND NOT name = 'sqlite_sequence'
[0m
  [4;36;1mSQL (8.5ms)[0m   [0;1mCREATE TABLE "schema_migrations" ("version" varchar(255) NOT NULL) [0m
  [4;35;1mSQL (7.1ms)[0m   [0mCREATE UNIQUE INDEX "unique_schema_migrations" ON "schema_migrations" ("version")[0m
  [4;36;1mSQL (0.4ms)[0m   [0;1m SELECT name
 FROM sqlite_master
 WHERE type = 'table' AND NOT name = 'sqlite_sequence'
[0m
  [4;35;1mSQL (0.2ms)[0m   [0mSELECT version FROM "schema_migrations"[0m
  [4;36;1mSQL (4.2ms)[0m   [0;1mINSERT INTO "schema_migrations" (version) VALUES ('20090726213438')[0m


Processing StoriesController#index (for 127.0.0.1 at 2009-07-26 19:30:40) [GET]
  [4;36;1mStory Load (0.9ms)[0m   [0;1mSELECT * FROM "stories" [0m
Rendering template within layouts/stories
Rendering stories/index
Completed in 38ms (View: 20, DB: 1) | 200 OK [http://localhost/stories]


Processing StoriesController#index (for 127.0.0.1 at 2009-07-26 19:30:41) [GET]
  [4;35;1mStory Load (1.3ms)[0m   [0mSELECT * FROM "stories" [0m
Rendering template within layouts/stories
Rendering stories/index
Completed in 43ms (View: 11, DB: 1) | 200 OK [http://localhost/stories]


Processing StoriesController#show (for 127.0.0.1 at 2009-07-26 19:30:43) [GET]
  Parameters: {"id"=>"1"}
  [4;36;1mStory Load (0.7ms)[0m   [0;1mSELECT * FROM "stories" WHERE ("stories"."id" = 1) [0m
Rendering template within layouts/stories
Rendering stories/show
Completed in 48ms (View: 14, DB: 1) | 200 OK [http://localhost/stories/1]


Processing StoriesController#index (for 127.0.0.1 at 2009-07-26 19:30:44) [GET]
  [4;35;1mStory Load (1.2ms)[0m   [0mSELECT * FROM "stories" [0m
Rendering template within layouts/stories
Rendering stories/index
Completed in 44ms (View: 12, DB: 1) | 200 OK [http://localhost/stories]
  [4;36;1mSQL (0.7ms)[0m   [0;1m SELECT name
 FROM sqlite_master
 WHERE type = 'table' AND NOT name = 'sqlite_sequence'
[0m
  [4;35;1mSQL (0.3ms)[0m   [0mSELECT version FROM schema_migrations[0m
  [4;36;1mSQL (0.3ms)[0m   [0;1mselect sqlite_version(*)[0m
  [4;35;1mSQL (0.3ms)[0m   [0m SELECT name
 FROM sqlite_master
 WHERE type = 'table' AND NOT name = 'sqlite_sequence'
[0m
  [4;36;1mSQL (5.1ms)[0m   [0;1mCREATE TABLE "stories" ("id" INTEGER PRIMARY KEY AUTOINCREMENT NOT NULL, "title" varchar(255), "description" varchar(255), "created_at" datetime, "updated_at" datetime) [0m
  [4;35;1mSQL (0.4ms)[0m   [0m SELECT name
 FROM sqlite_master
 WHERE type = 'table' AND NOT name = 'sqlite_sequence'
[0m
  [4;36;1mSQL (3.5ms)[0m   [0;1mCREATE TABLE "schema_migrations" ("version" varchar(255) NOT NULL) [0m
  [4;35;1mSQL (10.9ms)[0m   [0mCREATE UNIQUE INDEX "unique_schema_migrations" ON "schema_migrations" ("version")[0m
  [4;36;1mSQL (0.4ms)[0m   [0;1m SELECT name
 FROM sqlite_master
 WHERE type = 'table' AND NOT name = 'sqlite_sequence'
[0m
  [4;35;1mSQL (0.2ms)[0m   [0mSELECT version FROM "schema_migrations"[0m
  [4;36;1mSQL (5.2ms)[0m   [0;1mINSERT INTO "schema_migrations" (version) VALUES ('20090726213438')[0m
  [4;36;1mSQL (0.7ms)[0m   [0;1m SELECT name
 FROM sqlite_master
 WHERE type = 'table' AND NOT name = 'sqlite_sequence'
[0m
  [4;35;1mSQL (0.3ms)[0m   [0mSELECT version FROM schema_migrations[0m
  [4;36;1mSQL (0.5ms)[0m   [0;1mselect sqlite_version(*)[0m
  [4;35;1mSQL (0.8ms)[0m   [0m SELECT name
 FROM sqlite_master
 WHERE type = 'table' AND NOT name = 'sqlite_sequence'
[0m
  [4;36;1mSQL (7.2ms)[0m   [0;1mCREATE TABLE "stories" ("id" INTEGER PRIMARY KEY AUTOINCREMENT NOT NULL, "title" varchar(255), "description" varchar(255), "created_at" datetime, "updated_at" datetime) [0m
  [4;35;1mSQL (0.4ms)[0m   [0m SELECT name
 FROM sqlite_master
 WHERE type = 'table' AND NOT name = 'sqlite_sequence'
[0m
  [4;36;1mSQL (3.2ms)[0m   [0;1mCREATE TABLE "schema_migrations" ("version" varchar(255) NOT NULL) [0m
  [4;35;1mSQL (11.2ms)[0m   [0mCREATE UNIQUE INDEX "unique_schema_migrations" ON "schema_migrations" ("version")[0m
  [4;36;1mSQL (0.5ms)[0m   [0;1m SELECT name
 FROM sqlite_master
 WHERE type = 'table' AND NOT name = 'sqlite_sequence'
[0m
  [4;35;1mSQL (0.2ms)[0m   [0mSELECT version FROM "schema_migrations"[0m
  [4;36;1mSQL (11.3ms)[0m   [0;1mINSERT INTO "schema_migrations" (version) VALUES ('20090726213438')[0m
  [4;36;1mSQL (0.8ms)[0m   [0;1m SELECT name
 FROM sqlite_master
 WHERE type = 'table' AND NOT name = 'sqlite_sequence'
[0m
  [4;35;1mSQL (0.3ms)[0m   [0mSELECT version FROM schema_migrations[0m
  [4;36;1mSQL (0.3ms)[0m   [0;1mselect sqlite_version(*)[0m
  [4;35;1mSQL (0.3ms)[0m   [0m SELECT name
 FROM sqlite_master
 WHERE type = 'table' AND NOT name = 'sqlite_sequence'
[0m
  [4;36;1mSQL (7.4ms)[0m   [0;1mCREATE TABLE "stories" ("id" INTEGER PRIMARY KEY AUTOINCREMENT NOT NULL, "title" varchar(255), "description" varchar(255), "created_at" datetime, "updated_at" datetime) [0m
  [4;35;1mSQL (0.4ms)[0m   [0m SELECT name
 FROM sqlite_master
 WHERE type = 'table' AND NOT name = 'sqlite_sequence'
[0m
  [4;36;1mSQL (3.2ms)[0m   [0;1mCREATE TABLE "schema_migrations" ("version" varchar(255) NOT NULL) [0m
  [4;35;1mSQL (14.9ms)[0m   [0mCREATE UNIQUE INDEX "unique_schema_migrations" ON "schema_migrations" ("version")[0m
  [4;36;1mSQL (0.4ms)[0m   [0;1m SELECT name
 FROM sqlite_master
 WHERE type = 'table' AND NOT name = 'sqlite_sequence'
[0m
  [4;35;1mSQL (0.2ms)[0m   [0mSELECT version FROM "schema_migrations"[0m
  [4;36;1mSQL (9.9ms)[0m   [0;1mINSERT INTO "schema_migrations" (version) VALUES ('20090726213438')[0m
  [4;36;1mSQL (0.8ms)[0m   [0;1m SELECT name
 FROM sqlite_master
 WHERE type = 'table' AND NOT name = 'sqlite_sequence'
[0m
  [4;35;1mSQL (0.3ms)[0m   [0mSELECT version FROM schema_migrations[0m
  [4;36;1mSQL (0.2ms)[0m   [0;1mselect sqlite_version(*)[0m
  [4;35;1mSQL (0.3ms)[0m   [0m SELECT name
 FROM sqlite_master
 WHERE type = 'table' AND NOT name = 'sqlite_sequence'
[0m
  [4;36;1mSQL (6.6ms)[0m   [0;1mCREATE TABLE "stories" ("id" INTEGER PRIMARY KEY AUTOINCREMENT NOT NULL, "title" varchar(255), "description" varchar(255), "created_at" datetime, "updated_at" datetime) [0m
  [4;35;1mSQL (0.3ms)[0m   [0m SELECT name
 FROM sqlite_master
 WHERE type = 'table' AND NOT name = 'sqlite_sequence'
[0m
  [4;36;1mSQL (9.9ms)[0m   [0;1mCREATE TABLE "schema_migrations" ("version" varchar(255) NOT NULL) [0m
  [4;35;1mSQL (11.0ms)[0m   [0mCREATE UNIQUE INDEX "unique_schema_migrations" ON "schema_migrations" ("version")[0m
  [4;36;1mSQL (0.4ms)[0m   [0;1m SELECT name
 FROM sqlite_master
 WHERE type = 'table' AND NOT name = 'sqlite_sequence'
[0m
  [4;35;1mSQL (0.2ms)[0m   [0mSELECT version FROM "schema_migrations"[0m
  [4;36;1mSQL (6.0ms)[0m   [0;1mINSERT INTO "schema_migrations" (version) VALUES ('20090726213438')[0m


Processing StoriesController#index (for 127.0.0.1 at 2009-07-26 20:30:26) [GET]
  [4;36;1mStory Load (0.9ms)[0m   [0;1mSELECT * FROM "stories" [0m
Rendering template within layouts/stories
Rendering stories/index
Completed in 38ms (View: 20, DB: 1) | 200 OK [http://localhost/stories/]
  [4;36;1mSQL (0.8ms)[0m   [0;1m SELECT name
 FROM sqlite_master
 WHERE type = 'table' AND NOT name = 'sqlite_sequence'
[0m
  [4;35;1mSQL (0.3ms)[0m   [0mSELECT version FROM schema_migrations[0m
  [4;36;1mSQL (0.3ms)[0m   [0;1mselect sqlite_version(*)[0m
  [4;35;1mSQL (0.3ms)[0m   [0m SELECT name
 FROM sqlite_master
 WHERE type = 'table' AND NOT name = 'sqlite_sequence'
[0m
  [4;36;1mSQL (6.5ms)[0m   [0;1mCREATE TABLE "stories" ("id" INTEGER PRIMARY KEY AUTOINCREMENT NOT NULL, "title" varchar(255), "description" varchar(255), "created_at" datetime, "updated_at" datetime) [0m
  [4;35;1mSQL (0.4ms)[0m   [0m SELECT name
 FROM sqlite_master
 WHERE type = 'table' AND NOT name = 'sqlite_sequence'
[0m
  [4;36;1mSQL (4.1ms)[0m   [0;1mCREATE TABLE "schema_migrations" ("version" varchar(255) NOT NULL) [0m
  [4;35;1mSQL (11.0ms)[0m   [0mCREATE UNIQUE INDEX "unique_schema_migrations" ON "schema_migrations" ("version")[0m
  [4;36;1mSQL (0.4ms)[0m   [0;1m SELECT name
 FROM sqlite_master
 WHERE type = 'table' AND NOT name = 'sqlite_sequence'
[0m
  [4;35;1mSQL (0.2ms)[0m   [0mSELECT version FROM "schema_migrations"[0m
  [4;36;1mSQL (7.2ms)[0m   [0;1mINSERT INTO "schema_migrations" (version) VALUES ('20090726213438')[0m
  [4;36;1mSQL (0.8ms)[0m   [0;1m SELECT name
 FROM sqlite_master
 WHERE type = 'table' AND NOT name = 'sqlite_sequence'
[0m
  [4;35;1mSQL (0.3ms)[0m   [0mSELECT version FROM schema_migrations[0m
  [4;36;1mSQL (0.3ms)[0m   [0;1mselect sqlite_version(*)[0m
  [4;35;1mSQL (0.3ms)[0m   [0m SELECT name
 FROM sqlite_master
 WHERE type = 'table' AND NOT name = 'sqlite_sequence'
[0m
  [4;36;1mSQL (5.7ms)[0m   [0;1mCREATE TABLE "stories" ("id" INTEGER PRIMARY KEY AUTOINCREMENT NOT NULL, "title" varchar(255), "description" varchar(255), "created_at" datetime, "updated_at" datetime) [0m
  [4;35;1mSQL (0.3ms)[0m   [0m SELECT name
 FROM sqlite_master
 WHERE type = 'table' AND NOT name = 'sqlite_sequence'
[0m
  [4;36;1mSQL (5.6ms)[0m   [0;1mCREATE TABLE "schema_migrations" ("version" varchar(255) NOT NULL) [0m
  [4;35;1mSQL (5.8ms)[0m   [0mCREATE UNIQUE INDEX "unique_schema_migrations" ON "schema_migrations" ("version")[0m
  [4;36;1mSQL (0.4ms)[0m   [0;1m SELECT name
 FROM sqlite_master
 WHERE type = 'table' AND NOT name = 'sqlite_sequence'
[0m
  [4;35;1mSQL (0.2ms)[0m   [0mSELECT version FROM "schema_migrations"[0m
  [4;36;1mSQL (4.2ms)[0m   [0;1mINSERT INTO "schema_migrations" (version) VALUES ('20090726213438')[0m
  [4;36;1mSQL (0.8ms)[0m   [0;1m SELECT name
 FROM sqlite_master
 WHERE type = 'table' AND NOT name = 'sqlite_sequence'
[0m
  [4;35;1mSQL (0.3ms)[0m   [0mSELECT version FROM schema_migrations[0m
  [4;36;1mSQL (0.3ms)[0m   [0;1mselect sqlite_version(*)[0m
  [4;35;1mSQL (0.3ms)[0m   [0m SELECT name
 FROM sqlite_master
 WHERE type = 'table' AND NOT name = 'sqlite_sequence'
[0m
  [4;36;1mSQL (5.4ms)[0m   [0;1mCREATE TABLE "stories" ("id" INTEGER PRIMARY KEY AUTOINCREMENT NOT NULL, "title" varchar(255), "description" varchar(255), "created_at" datetime, "updated_at" datetime) [0m
  [4;35;1mSQL (0.4ms)[0m   [0m SELECT name
 FROM sqlite_master
 WHERE type = 'table' AND NOT name = 'sqlite_sequence'
[0m
  [4;36;1mSQL (6.4ms)[0m   [0;1mCREATE TABLE "schema_migrations" ("version" varchar(255) NOT NULL) [0m
  [4;35;1mSQL (4.9ms)[0m   [0mCREATE UNIQUE INDEX "unique_schema_migrations" ON "schema_migrations" ("version")[0m
  [4;36;1mSQL (0.4ms)[0m   [0;1m SELECT name
 FROM sqlite_master
 WHERE type = 'table' AND NOT name = 'sqlite_sequence'
[0m
  [4;35;1mSQL (0.2ms)[0m   [0mSELECT version FROM "schema_migrations"[0m
  [4;36;1mSQL (8.0ms)[0m   [0;1mINSERT INTO "schema_migrations" (version) VALUES ('20090726213438')[0m
  [4;36;1mSQL (0.8ms)[0m   [0;1m SELECT name
 FROM sqlite_master
 WHERE type = 'table' AND NOT name = 'sqlite_sequence'
[0m
  [4;35;1mSQL (0.3ms)[0m   [0mSELECT version FROM schema_migrations[0m
  [4;36;1mSQL (0.3ms)[0m   [0;1mselect sqlite_version(*)[0m
  [4;35;1mSQL (0.3ms)[0m   [0m SELECT name
 FROM sqlite_master
 WHERE type = 'table' AND NOT name = 'sqlite_sequence'
[0m
  [4;36;1mSQL (5.0ms)[0m   [0;1mCREATE TABLE "stories" ("id" INTEGER PRIMARY KEY AUTOINCREMENT NOT NULL, "title" varchar(255), "description" varchar(255), "created_at" datetime, "updated_at" datetime) [0m
  [4;35;1mSQL (0.4ms)[0m   [0m SELECT name
 FROM sqlite_master
 WHERE type = 'table' AND NOT name = 'sqlite_sequence'
[0m
  [4;36;1mSQL (4.2ms)[0m   [0;1mCREATE TABLE "schema_migrations" ("version" varchar(255) NOT NULL) [0m
  [4;35;1mSQL (11.3ms)[0m   [0mCREATE UNIQUE INDEX "unique_schema_migrations" ON "schema_migrations" ("version")[0m
  [4;36;1mSQL (0.4ms)[0m   [0;1m SELECT name
 FROM sqlite_master
 WHERE type = 'table' AND NOT name = 'sqlite_sequence'
[0m
  [4;35;1mSQL (0.2ms)[0m   [0mSELECT version FROM "schema_migrations"[0m
  [4;36;1mSQL (10.5ms)[0m   [0;1mINSERT INTO "schema_migrations" (version) VALUES ('20090726213438')[0m
  [4;36;1mSQL (0.8ms)[0m   [0;1m SELECT name
 FROM sqlite_master
 WHERE type = 'table' AND NOT name = 'sqlite_sequence'
[0m
  [4;35;1mSQL (0.3ms)[0m   [0mSELECT version FROM schema_migrations[0m
  [4;36;1mSQL (0.3ms)[0m   [0;1mselect sqlite_version(*)[0m
  [4;35;1mSQL (0.3ms)[0m   [0m SELECT name
 FROM sqlite_master
 WHERE type = 'table' AND NOT name = 'sqlite_sequence'
[0m
  [4;36;1mSQL (6.8ms)[0m   [0;1mCREATE TABLE "stories" ("id" INTEGER PRIMARY KEY AUTOINCREMENT NOT NULL, "title" varchar(255), "description" varchar(255), "created_at" datetime, "updated_at" datetime) [0m
  [4;35;1mSQL (0.6ms)[0m   [0m SELECT name
 FROM sqlite_master
 WHERE type = 'table' AND NOT name = 'sqlite_sequence'
[0m
  [4;36;1mSQL (8.3ms)[0m   [0;1mCREATE TABLE "schema_migrations" ("version" varchar(255) NOT NULL) [0m
  [4;35;1mSQL (8.9ms)[0m   [0mCREATE UNIQUE INDEX "unique_schema_migrations" ON "schema_migrations" ("version")[0m
  [4;36;1mSQL (0.4ms)[0m   [0;1m SELECT name
 FROM sqlite_master
 WHERE type = 'table' AND NOT name = 'sqlite_sequence'
[0m
  [4;35;1mSQL (0.2ms)[0m   [0mSELECT version FROM "schema_migrations"[0m
  [4;36;1mSQL (4.0ms)[0m   [0;1mINSERT INTO "schema_migrations" (version) VALUES ('20090726213438')[0m
  [4;36;1mSQL (0.8ms)[0m   [0;1m SELECT name
 FROM sqlite_master
 WHERE type = 'table' AND NOT name = 'sqlite_sequence'
[0m
  [4;35;1mSQL (0.3ms)[0m   [0mSELECT version FROM schema_migrations[0m
  [4;36;1mSQL (0.3ms)[0m   [0;1mselect sqlite_version(*)[0m
  [4;35;1mSQL (0.3ms)[0m   [0m SELECT name
 FROM sqlite_master
 WHERE type = 'table' AND NOT name = 'sqlite_sequence'
[0m
  [4;36;1mSQL (5.6ms)[0m   [0;1mCREATE TABLE "stories" ("id" INTEGER PRIMARY KEY AUTOINCREMENT NOT NULL, "title" varchar(255), "description" varchar(255), "created_at" datetime, "updated_at" datetime) [0m
  [4;35;1mSQL (0.4ms)[0m   [0m SELECT name
 FROM sqlite_master
 WHERE type = 'table' AND NOT name = 'sqlite_sequence'
[0m
  [4;36;1mSQL (2.9ms)[0m   [0;1mCREATE TABLE "schema_migrations" ("version" varchar(255) NOT NULL) [0m
  [4;35;1mSQL (12.9ms)[0m   [0mCREATE UNIQUE INDEX "unique_schema_migrations" ON "schema_migrations" ("version")[0m
  [4;36;1mSQL (0.4ms)[0m   [0;1m SELECT name
 FROM sqlite_master
 WHERE type = 'table' AND NOT name = 'sqlite_sequence'
[0m
  [4;35;1mSQL (0.2ms)[0m   [0mSELECT version FROM "schema_migrations"[0m
  [4;36;1mSQL (10.3ms)[0m   [0;1mINSERT INTO "schema_migrations" (version) VALUES ('20090726213438')[0m
  [4;36;1mSQL (0.8ms)[0m   [0;1m SELECT name
 FROM sqlite_master
 WHERE type = 'table' AND NOT name = 'sqlite_sequence'
[0m
  [4;35;1mSQL (0.3ms)[0m   [0mSELECT version FROM schema_migrations[0m
  [4;36;1mSQL (0.3ms)[0m   [0;1mselect sqlite_version(*)[0m
  [4;35;1mSQL (0.3ms)[0m   [0m SELECT name
 FROM sqlite_master
 WHERE type = 'table' AND NOT name = 'sqlite_sequence'
[0m
  [4;36;1mSQL (4.9ms)[0m   [0;1mCREATE TABLE "stories" ("id" INTEGER PRIMARY KEY AUTOINCREMENT NOT NULL, "title" varchar(255), "description" varchar(255), "created_at" datetime, "updated_at" datetime) [0m
  [4;35;1mSQL (0.4ms)[0m   [0m SELECT name
 FROM sqlite_master
 WHERE type = 'table' AND NOT name = 'sqlite_sequence'
[0m
  [4;36;1mSQL (2.8ms)[0m   [0;1mCREATE TABLE "schema_migrations" ("version" varchar(255) NOT NULL) [0m
  [4;35;1mSQL (13.3ms)[0m   [0mCREATE UNIQUE INDEX "unique_schema_migrations" ON "schema_migrations" ("version")[0m
  [4;36;1mSQL (0.4ms)[0m   [0;1m SELECT name
 FROM sqlite_master
 WHERE type = 'table' AND NOT name = 'sqlite_sequence'
[0m
  [4;35;1mSQL (0.2ms)[0m   [0mSELECT version FROM "schema_migrations"[0m
  [4;36;1mSQL (5.8ms)[0m   [0;1mINSERT INTO "schema_migrations" (version) VALUES ('20090726213438')[0m
  [4;36;1mSQL (0.8ms)[0m   [0;1m SELECT name
 FROM sqlite_master
 WHERE type = 'table' AND NOT name = 'sqlite_sequence'
[0m
  [4;35;1mSQL (0.3ms)[0m   [0mSELECT version FROM schema_migrations[0m
  [4;36;1mSQL (0.2ms)[0m   [0;1mselect sqlite_version(*)[0m
  [4;35;1mSQL (0.3ms)[0m   [0m SELECT name
 FROM sqlite_master
 WHERE type = 'table' AND NOT name = 'sqlite_sequence'
[0m
  [4;36;1mSQL (23.6ms)[0m   [0;1mCREATE TABLE "stories" ("id" INTEGER PRIMARY KEY AUTOINCREMENT NOT NULL, "title" varchar(255), "description" varchar(255), "created_at" datetime, "updated_at" datetime) [0m
  [4;35;1mSQL (0.4ms)[0m   [0m SELECT name
 FROM sqlite_master
 WHERE type = 'table' AND NOT name = 'sqlite_sequence'
[0m
  [4;36;1mSQL (7.9ms)[0m   [0;1mCREATE TABLE "schema_migrations" ("version" varchar(255) NOT NULL) [0m
  [4;35;1mSQL (8.7ms)[0m   [0mCREATE UNIQUE INDEX "unique_schema_migrations" ON "schema_migrations" ("version")[0m
  [4;36;1mSQL (0.4ms)[0m   [0;1m SELECT name
 FROM sqlite_master
 WHERE type = 'table' AND NOT name = 'sqlite_sequence'
[0m
  [4;35;1mSQL (0.2ms)[0m   [0mSELECT version FROM "schema_migrations"[0m
  [4;36;1mSQL (9.7ms)[0m   [0;1mINSERT INTO "schema_migrations" (version) VALUES ('20090726213438')[0m
  [4;36;1mSQL (0.8ms)[0m   [0;1m SELECT name
 FROM sqlite_master
 WHERE type = 'table' AND NOT name = 'sqlite_sequence'
[0m
  [4;35;1mSQL (0.3ms)[0m   [0mSELECT version FROM schema_migrations[0m
  [4;36;1mSQL (0.3ms)[0m   [0;1mselect sqlite_version(*)[0m
  [4;35;1mSQL (0.3ms)[0m   [0m SELECT name
 FROM sqlite_master
 WHERE type = 'table' AND NOT name = 'sqlite_sequence'
[0m
  [4;36;1mSQL (5.9ms)[0m   [0;1mCREATE TABLE "stories" ("id" INTEGER PRIMARY KEY AUTOINCREMENT NOT NULL, "title" varchar(255), "description" varchar(255), "created_at" datetime, "updated_at" datetime) [0m
  [4;35;1mSQL (0.4ms)[0m   [0m SELECT name
 FROM sqlite_master
 WHERE type = 'table' AND NOT name = 'sqlite_sequence'
[0m
  [4;36;1mSQL (3.2ms)[0m   [0;1mCREATE TABLE "schema_migrations" ("version" varchar(255) NOT NULL) [0m
  [4;35;1mSQL (7.0ms)[0m   [0mCREATE UNIQUE INDEX "unique_schema_migrations" ON "schema_migrations" ("version")[0m
  [4;36;1mSQL (0.4ms)[0m   [0;1m SELECT name
 FROM sqlite_master
 WHERE type = 'table' AND NOT name = 'sqlite_sequence'
[0m
  [4;35;1mSQL (0.2ms)[0m   [0mSELECT version FROM "schema_migrations"[0m
  [4;36;1mSQL (12.1ms)[0m   [0;1mINSERT INTO "schema_migrations" (version) VALUES ('20090726213438')[0m


Processing StoriesController#new (for 127.0.0.1 at 2009-07-26 20:46:28) [GET]
Rendering template within layouts/stories
Rendering stories/new
Completed in 49ms (View: 18, DB: 0) | 200 OK [http://localhost/stories/new]


Processing StoriesController#create (for 127.0.0.1 at 2009-07-26 20:46:29) [POST]
  Parameters: {"commit"=>"Create", "story"=>{"title"=>"ddsa", "description"=>"fdsa"}, "authenticity_token"=>"623qaErw7R1pKtGLRjIItKHcKRvZdjILBzp/wTjWoPg="}
  [4;35;1mStory Create (0.9ms)[0m   [0mINSERT INTO "stories" ("created_at", "title", "updated_at", "description") VALUES('2009-07-26 23:46:30', 'ddsa', '2009-07-26 23:46:30', 'fdsa')[0m
Redirected to http://localhost:3000/stories/2
Completed in 58ms (DB: 1) | 302 Found [http://localhost/stories]


Processing StoriesController#show (for 127.0.0.1 at 2009-07-26 20:46:30) [GET]
  Parameters: {"id"=>"2"}
  [4;36;1mStory Load (0.5ms)[0m   [0;1mSELECT * FROM "stories" WHERE ("stories"."id" = 2) [0m
Rendering template within layouts/stories
Rendering stories/show
Completed in 28ms (View: 9, DB: 0) | 200 OK [http://localhost/stories/2]
  [4;36;1mSQL (1.0ms)[0m   [0;1m SELECT name
 FROM sqlite_master
 WHERE type = 'table' AND NOT name = 'sqlite_sequence'
[0m
  [4;35;1mSQL (0.4ms)[0m   [0mSELECT version FROM schema_migrations[0m
  [4;36;1mSQL (0.3ms)[0m   [0;1mselect sqlite_version(*)[0m
  [4;35;1mSQL (0.3ms)[0m   [0m SELECT name
 FROM sqlite_master
 WHERE type = 'table' AND NOT name = 'sqlite_sequence'
[0m
  [4;36;1mSQL (3.6ms)[0m   [0;1mCREATE TABLE "stories" ("id" INTEGER PRIMARY KEY AUTOINCREMENT NOT NULL, "title" varchar(255), "description" varchar(255), "created_at" datetime, "updated_at" datetime) [0m
  [4;35;1mSQL (0.4ms)[0m   [0m SELECT name
 FROM sqlite_master
 WHERE type = 'table' AND NOT name = 'sqlite_sequence'
[0m
  [4;36;1mSQL (9.6ms)[0m   [0;1mCREATE TABLE "schema_migrations" ("version" varchar(255) NOT NULL) [0m
  [4;35;1mSQL (4.0ms)[0m   [0mCREATE UNIQUE INDEX "unique_schema_migrations" ON "schema_migrations" ("version")[0m
  [4;36;1mSQL (0.4ms)[0m   [0;1m SELECT name
 FROM sqlite_master
 WHERE type = 'table' AND NOT name = 'sqlite_sequence'
[0m
  [4;35;1mSQL (0.2ms)[0m   [0mSELECT version FROM "schema_migrations"[0m
  [4;36;1mSQL (5.3ms)[0m   [0;1mINSERT INTO "schema_migrations" (version) VALUES ('20090726213438')[0m


Processing StoriesController#edit (for 127.0.0.1 at 2009-07-26 20:47:57) [GET]
  Parameters: {"id"=>"2"}
  [4;35;1mStory Load (0.7ms)[0m   [0mSELECT * FROM "stories" WHERE ("stories"."id" = 2) [0m
Rendering template within layouts/stories
Rendering stories/edit
Completed in 55ms (View: 21, DB: 1) | 200 OK [http://localhost/stories/2/edit]
  [4;36;1mSQL (0.8ms)[0m   [0;1m SELECT name
 FROM sqlite_master
 WHERE type = 'table' AND NOT name = 'sqlite_sequence'
[0m
  [4;35;1mSQL (0.3ms)[0m   [0mSELECT version FROM schema_migrations[0m
  [4;36;1mSQL (0.3ms)[0m   [0;1mselect sqlite_version(*)[0m
  [4;35;1mSQL (0.3ms)[0m   [0m SELECT name
 FROM sqlite_master
 WHERE type = 'table' AND NOT name = 'sqlite_sequence'
[0m
  [4;36;1mSQL (5.1ms)[0m   [0;1mCREATE TABLE "stories" ("id" INTEGER PRIMARY KEY AUTOINCREMENT NOT NULL, "title" varchar(255), "description" varchar(255), "created_at" datetime, "updated_at" datetime) [0m
  [4;35;1mSQL (0.4ms)[0m   [0m SELECT name
 FROM sqlite_master
 WHERE type = 'table' AND NOT name = 'sqlite_sequence'
[0m
  [4;36;1mSQL (3.1ms)[0m   [0;1mCREATE TABLE "schema_migrations" ("version" varchar(255) NOT NULL) [0m
  [4;35;1mSQL (10.8ms)[0m   [0mCREATE UNIQUE INDEX "unique_schema_migrations" ON "schema_migrations" ("version")[0m
  [4;36;1mSQL (0.4ms)[0m   [0;1m SELECT name
 FROM sqlite_master
 WHERE type = 'table' AND NOT name = 'sqlite_sequence'
[0m
  [4;35;1mSQL (0.2ms)[0m   [0mSELECT version FROM "schema_migrations"[0m
  [4;36;1mSQL (5.6ms)[0m   [0;1mINSERT INTO "schema_migrations" (version) VALUES ('20090726213438')[0m
  [4;36;1mSQL (0.8ms)[0m   [0;1m SELECT name
 FROM sqlite_master
 WHERE type = 'table' AND NOT name = 'sqlite_sequence'
[0m
  [4;35;1mSQL (0.3ms)[0m   [0mSELECT version FROM schema_migrations[0m
  [4;36;1mSQL (0.3ms)[0m   [0;1mselect sqlite_version(*)[0m
  [4;35;1mSQL (0.3ms)[0m   [0m SELECT name
 FROM sqlite_master
 WHERE type = 'table' AND NOT name = 'sqlite_sequence'
[0m
  [4;36;1mSQL (5.4ms)[0m   [0;1mCREATE TABLE "stories" ("id" INTEGER PRIMARY KEY AUTOINCREMENT NOT NULL, "title" varchar(255), "description" varchar(255), "created_at" datetime, "updated_at" datetime) [0m
  [4;35;1mSQL (0.4ms)[0m   [0m SELECT name
 FROM sqlite_master
 WHERE type = 'table' AND NOT name = 'sqlite_sequence'
[0m
  [4;36;1mSQL (4.4ms)[0m   [0;1mCREATE TABLE "schema_migrations" ("version" varchar(255) NOT NULL) [0m
  [4;35;1mSQL (6.9ms)[0m   [0mCREATE UNIQUE INDEX "unique_schema_migrations" ON "schema_migrations" ("version")[0m
  [4;36;1mSQL (0.4ms)[0m   [0;1m SELECT name
 FROM sqlite_master
 WHERE type = 'table' AND NOT name = 'sqlite_sequence'
[0m
  [4;35;1mSQL (0.2ms)[0m   [0mSELECT version FROM "schema_migrations"[0m
  [4;36;1mSQL (4.1ms)[0m   [0;1mINSERT INTO "schema_migrations" (version) VALUES ('20090726213438')[0m
  [4;36;1mSQL (0.7ms)[0m   [0;1m SELECT name
 FROM sqlite_master
 WHERE type = 'table' AND NOT name = 'sqlite_sequence'
[0m
  [4;35;1mSQL (0.3ms)[0m   [0mSELECT version FROM schema_migrations[0m
  [4;36;1mSQL (0.3ms)[0m   [0;1mselect sqlite_version(*)[0m
  [4;35;1mSQL (0.3ms)[0m   [0m SELECT name
 FROM sqlite_master
 WHERE type = 'table' AND NOT name = 'sqlite_sequence'
[0m
  [4;36;1mSQL (6.5ms)[0m   [0;1mCREATE TABLE "stories" ("id" INTEGER PRIMARY KEY AUTOINCREMENT NOT NULL, "title" varchar(255), "description" varchar(255), "created_at" datetime, "updated_at" datetime) [0m
  [4;35;1mSQL (0.4ms)[0m   [0m SELECT name
 FROM sqlite_master
 WHERE type = 'table' AND NOT name = 'sqlite_sequence'
[0m
  [4;36;1mSQL (3.6ms)[0m   [0;1mCREATE TABLE "schema_migrations" ("version" varchar(255) NOT NULL) [0m
  [4;35;1mSQL (8.1ms)[0m   [0mCREATE UNIQUE INDEX "unique_schema_migrations" ON "schema_migrations" ("version")[0m
  [4;36;1mSQL (0.4ms)[0m   [0;1m SELECT name
 FROM sqlite_master
 WHERE type = 'table' AND NOT name = 'sqlite_sequence'
[0m
  [4;35;1mSQL (0.2ms)[0m   [0mSELECT version FROM "schema_migrations"[0m
  [4;36;1mSQL (7.0ms)[0m   [0;1mINSERT INTO "schema_migrations" (version) VALUES ('20090726213438')[0m


Processing StoriesController#index (for 127.0.0.1 at 2009-07-26 20:52:43) [GET]
  [4;36;1mStory Load (1.7ms)[0m   [0;1mSELECT * FROM "stories" [0m
Rendering template within layouts/stories
Rendering stories/index
Completed in 48ms (View: 14, DB: 2) | 200 OK [http://localhost/stories]


Processing StoriesController#destroy (for 127.0.0.1 at 2009-07-26 20:53:07) [DELETE]
  Parameters: {"authenticity_token"=>"623qaErw7R1pKtGLRjIItKHcKRvZdjILBzp/wTjWoPg=", "id"=>"2"}
  [4;35;1mStory Load (0.5ms)[0m   [0mSELECT * FROM "stories" WHERE ("stories"."id" = 2) [0m
  [4;36;1mStory Destroy (0.4ms)[0m   [0;1mDELETE FROM "stories" WHERE "id" = 2[0m
Redirected to http://localhost:3000/stories
Completed in 24ms (DB: 1) | 302 Found [http://localhost/stories/2]


Processing StoriesController#index (for 127.0.0.1 at 2009-07-26 20:53:07) [GET]
  [4;35;1mStory Load (0.8ms)[0m   [0mSELECT * FROM "stories" [0m
Rendering template within layouts/stories
Rendering stories/index
Completed in 26ms (View: 7, DB: 1) | 200 OK [http://localhost/stories]


Processing StoriesController#destroy (for 127.0.0.1 at 2009-07-26 20:53:12) [DELETE]
  Parameters: {"authenticity_token"=>"623qaErw7R1pKtGLRjIItKHcKRvZdjILBzp/wTjWoPg=", "id"=>"1"}
  [4;36;1mStory Load (0.8ms)[0m   [0;1mSELECT * FROM "stories" WHERE ("stories"."id" = 1) [0m
  [4;35;1mStory Destroy (0.6ms)[0m   [0mDELETE FROM "stories" WHERE "id" = 1[0m
Redirected to http://localhost:3000/stories
Completed in 34ms (DB: 1) | 302 Found [http://localhost/stories/1]


Processing StoriesController#index (for 127.0.0.1 at 2009-07-26 20:53:12) [GET]
  [4;36;1mStory Load (0.9ms)[0m   [0;1mSELECT * FROM "stories" [0m
Rendering template within layouts/stories
Rendering stories/index
Completed in 36ms (View: 3, DB: 1) | 200 OK [http://localhost/stories]
  [4;36;1mSQL (0.8ms)[0m   [0;1m SELECT name
 FROM sqlite_master
 WHERE type = 'table' AND NOT name = 'sqlite_sequence'
[0m
  [4;35;1mSQL (0.3ms)[0m   [0mSELECT version FROM schema_migrations[0m
  [4;36;1mSQL (0.3ms)[0m   [0;1mselect sqlite_version(*)[0m
  [4;35;1mSQL (0.3ms)[0m   [0m SELECT name
 FROM sqlite_master
 WHERE type = 'table' AND NOT name = 'sqlite_sequence'
[0m
  [4;36;1mSQL (6.8ms)[0m   [0;1mCREATE TABLE "stories" ("id" INTEGER PRIMARY KEY AUTOINCREMENT NOT NULL, "title" varchar(255), "description" varchar(255), "created_at" datetime, "updated_at" datetime) [0m
  [4;35;1mSQL (0.4ms)[0m   [0m SELECT name
 FROM sqlite_master
 WHERE type = 'table' AND NOT name = 'sqlite_sequence'
[0m
  [4;36;1mSQL (3.4ms)[0m   [0;1mCREATE TABLE "schema_migrations" ("version" varchar(255) NOT NULL) [0m
  [4;35;1mSQL (9.8ms)[0m   [0mCREATE UNIQUE INDEX "unique_schema_migrations" ON "schema_migrations" ("version")[0m
  [4;36;1mSQL (0.4ms)[0m   [0;1m SELECT name
 FROM sqlite_master
 WHERE type = 'table' AND NOT name = 'sqlite_sequence'
[0m
  [4;35;1mSQL (0.2ms)[0m   [0mSELECT version FROM "schema_migrations"[0m
  [4;36;1mSQL (8.3ms)[0m   [0;1mINSERT INTO "schema_migrations" (version) VALUES ('20090726213438')[0m
  [4;36;1mSQL (0.8ms)[0m   [0;1m SELECT name
 FROM sqlite_master
 WHERE type = 'table' AND NOT name = 'sqlite_sequence'
[0m
  [4;35;1mSQL (0.3ms)[0m   [0mSELECT version FROM schema_migrations[0m
  [4;36;1mSQL (0.3ms)[0m   [0;1mselect sqlite_version(*)[0m
  [4;35;1mSQL (0.3ms)[0m   [0m SELECT name
 FROM sqlite_master
 WHERE type = 'table' AND NOT name = 'sqlite_sequence'
[0m
  [4;36;1mSQL (7.0ms)[0m   [0;1mCREATE TABLE "stories" ("id" INTEGER PRIMARY KEY AUTOINCREMENT NOT NULL, "title" varchar(255), "description" varchar(255), "created_at" datetime, "updated_at" datetime) [0m
  [4;35;1mSQL (0.4ms)[0m   [0m SELECT name
 FROM sqlite_master
 WHERE type = 'table' AND NOT name = 'sqlite_sequence'
[0m
  [4;36;1mSQL (3.0ms)[0m   [0;1mCREATE TABLE "schema_migrations" ("version" varchar(255) NOT NULL) [0m
  [4;35;1mSQL (7.1ms)[0m   [0mCREATE UNIQUE INDEX "unique_schema_migrations" ON "schema_migrations" ("version")[0m
  [4;36;1mSQL (0.4ms)[0m   [0;1m SELECT name
 FROM sqlite_master
 WHERE type = 'table' AND NOT name = 'sqlite_sequence'
[0m
  [4;35;1mSQL (0.2ms)[0m   [0mSELECT version FROM "schema_migrations"[0m
  [4;36;1mSQL (7.9ms)[0m   [0;1mINSERT INTO "schema_migrations" (version) VALUES ('20090726213438')[0m


Processing StoriesController#new (for 127.0.0.1 at 2009-07-26 20:56:49) [GET]
Rendering template within layouts/stories
Rendering stories/new
Completed in 43ms (View: 9, DB: 0) | 200 OK [http://localhost/stories/new]


Processing StoriesController#create (for 127.0.0.1 at 2009-07-26 20:56:51) [POST]
  Parameters: {"commit"=>"Create", "story"=>{"title"=>"ertwr", "description"=>"rt"}, "authenticity_token"=>"623qaErw7R1pKtGLRjIItKHcKRvZdjILBzp/wTjWoPg="}
  [4;35;1mStory Create (0.9ms)[0m   [0mINSERT INTO "stories" ("created_at", "title", "updated_at", "description") VALUES('2009-07-26 23:56:51', 'ertwr', '2009-07-26 23:56:51', 'rt')[0m
Redirected to http://localhost:3000/stories/3
Completed in 34ms (DB: 1) | 302 Found [http://localhost/stories]


Processing StoriesController#show (for 127.0.0.1 at 2009-07-26 20:56:51) [GET]
  Parameters: {"id"=>"3"}
  [4;36;1mStory Load (0.8ms)[0m   [0;1mSELECT * FROM "stories" WHERE ("stories"."id" = 3) [0m
Rendering template within layouts/stories
Rendering stories/show
Completed in 46ms (View: 6, DB: 1) | 200 OK [http://localhost/stories/3]


Processing StoriesController#edit (for 127.0.0.1 at 2009-07-26 20:57:04) [GET]
  Parameters: {"id"=>"3"}
  [4;35;1mStory Load (0.4ms)[0m   [0mSELECT * FROM "stories" WHERE ("stories"."id" = 3) [0m
Rendering template within layouts/stories
Rendering stories/edit
Completed in 101ms (View: 6, DB: 0) | 200 OK [http://localhost/stories/3/edit]


Processing StoriesController#index (for 127.0.0.1 at 2009-07-26 20:57:06) [GET]
  [4;36;1mStory Load (1.2ms)[0m   [0;1mSELECT * FROM "stories" [0m
Rendering template within layouts/stories
Rendering stories/index
Completed in 44ms (View: 11, DB: 1) | 200 OK [http://localhost/stories]


Processing StoriesController#new (for 127.0.0.1 at 2009-07-26 20:57:07) [GET]
Rendering template within layouts/stories
Rendering stories/new
Completed in 40ms (View: 9, DB: 0) | 200 OK [http://localhost/stories/new]


Processing StoriesController#create (for 127.0.0.1 at 2009-07-26 20:57:09) [POST]
  Parameters: {"commit"=>"Create", "story"=>{"title"=>"gfsdf", "description"=>"ggds"}, "authenticity_token"=>"623qaErw7R1pKtGLRjIItKHcKRvZdjILBzp/wTjWoPg="}
  [4;35;1mStory Create (0.7ms)[0m   [0mINSERT INTO "stories" ("created_at", "title", "updated_at", "description") VALUES('2009-07-26 23:57:09', 'gfsdf', '2009-07-26 23:57:09', 'ggds')[0m
Redirected to http://localhost:3000/stories/4
Completed in 33ms (DB: 1) | 302 Found [http://localhost/stories]


Processing StoriesController#show (for 127.0.0.1 at 2009-07-26 20:57:09) [GET]
  Parameters: {"id"=>"4"}
  [4;36;1mStory Load (0.4ms)[0m   [0;1mSELECT * FROM "stories" WHERE ("stories"."id" = 4) [0m
Rendering template within layouts/stories
Rendering stories/show
Completed in 22ms (View: 3, DB: 0) | 200 OK [http://localhost/stories/4]


Processing StoriesController#index (for 127.0.0.1 at 2009-07-26 20:57:11) [GET]
  [4;35;1mStory Load (0.8ms)[0m   [0mSELECT * FROM "stories" [0m
Rendering template within layouts/stories
Rendering stories/index
Completed in 25ms (View: 8, DB: 1) | 200 OK [http://localhost/stories]


Processing StoriesController#show (for 127.0.0.1 at 2009-07-26 20:57:14) [GET]
  Parameters: {"id"=>"4"}
  [4;36;1mStory Load (0.4ms)[0m   [0;1mSELECT * FROM "stories" WHERE ("stories"."id" = 4) [0m
Rendering template within layouts/stories
Rendering stories/show
Completed in 21ms (View: 3, DB: 0) | 200 OK [http://localhost/stories/4]


Processing StoriesController#edit (for 127.0.0.1 at 2009-07-26 20:57:17) [GET]
  Parameters: {"id"=>"4"}
  [4;35;1mStory Load (1.5ms)[0m   [0mSELECT * FROM "stories" WHERE ("stories"."id" = 4) [0m
Rendering template within layouts/stories
Rendering stories/edit
Completed in 37ms (View: 10, DB: 1) | 200 OK [http://localhost/stories/4/edit]


Processing StoriesController#destroy (for 127.0.0.1 at 2009-07-26 20:57:22) [DELETE]
  Parameters: {"authenticity_token"=>"623qaErw7R1pKtGLRjIItKHcKRvZdjILBzp/wTjWoPg=", "id"=>"4"}
  [4;36;1mStory Load (0.4ms)[0m   [0;1mSELECT * FROM "stories" WHERE ("stories"."id" = 4) [0m
  [4;35;1mStory Destroy (0.4ms)[0m   [0mDELETE FROM "stories" WHERE "id" = 4[0m
Redirected to http://localhost:3000/stories
Completed in 22ms (DB: 1) | 302 Found [http://localhost/stories/4]


Processing StoriesController#index (for 127.0.0.1 at 2009-07-26 20:57:22) [GET]
  [4;36;1mStory Load (0.9ms)[0m   [0;1mSELECT * FROM "stories" [0m
Rendering template within layouts/stories
Rendering stories/index
Completed in 26ms (View: 6, DB: 1) | 200 OK [http://localhost/stories]


Processing StoriesController#index (for 127.0.0.1 at 2009-07-26 20:59:12) [GET]
  [4;35;1mStory Load (1.1ms)[0m   [0mSELECT * FROM "stories" [0m
Rendering template within layouts/stories
Rendering stories/index
Completed in 27ms (View: 8, DB: 1) | 200 OK [http://localhost/stories]


Processing StoriesController#new (for 127.0.0.1 at 2009-07-26 20:59:15) [GET]
Rendering template within layouts/stories
Rendering stories/new
Completed in 38ms (View: 9, DB: 0) | 200 OK [http://localhost/stories/new]


Processing StoriesController#create (for 127.0.0.1 at 2009-07-26 20:59:17) [POST]
  Parameters: {"commit"=>"Create", "story"=>{"title"=>"d", "description"=>"tre"}, "authenticity_token"=>"623qaErw7R1pKtGLRjIItKHcKRvZdjILBzp/wTjWoPg="}
  [4;36;1mStory Create (0.9ms)[0m   [0;1mINSERT INTO "stories" ("created_at", "title", "updated_at", "description") VALUES('2009-07-26 23:59:17', 'd', '2009-07-26 23:59:17', 'tre')[0m
Redirected to http://localhost:3000/stories/5
Completed in 34ms (DB: 1) | 302 Found [http://localhost/stories]


Processing StoriesController#show (for 127.0.0.1 at 2009-07-26 20:59:18) [GET]
  Parameters: {"id"=>"5"}
  [4;35;1mStory Load (0.7ms)[0m   [0mSELECT * FROM "stories" WHERE ("stories"."id" = 5) [0m
Rendering template within layouts/stories
Rendering stories/show
Completed in 38ms (View: 6, DB: 1) | 200 OK [http://localhost/stories/5]


Processing StoriesController#index (for 127.0.0.1 at 2009-07-26 20:59:19) [GET]
  [4;36;1mStory Load (1.4ms)[0m   [0;1mSELECT * FROM "stories" [0m
Rendering template within layouts/stories
Rendering stories/index
Completed in 45ms (View: 13, DB: 1) | 200 OK [http://localhost/stories]


Processing StoriesController#destroy (for 127.0.0.1 at 2009-07-26 20:59:24) [DELETE]
  Parameters: {"authenticity_token"=>"623qaErw7R1pKtGLRjIItKHcKRvZdjILBzp/wTjWoPg=", "id"=>"5"}
  [4;35;1mStory Load (84.5ms)[0m   [0mSELECT * FROM "stories" WHERE ("stories"."id" = 5) [0m
  [4;36;1mStory Destroy (0.4ms)[0m   [0;1mDELETE FROM "stories" WHERE "id" = 5[0m
Redirected to http://localhost:3000/stories
Completed in 138ms (DB: 85) | 302 Found [http://localhost/stories/5]


Processing StoriesController#index (for 127.0.0.1 at 2009-07-26 20:59:25) [GET]
  [4;35;1mStory Load (0.8ms)[0m   [0mSELECT * FROM "stories" [0m
Rendering template within layouts/stories
Rendering stories/index
Completed in 27ms (View: 8, DB: 1) | 200 OK [http://localhost/stories]


Processing StoriesController#edit (for 127.0.0.1 at 2009-07-26 20:59:28) [GET]
  Parameters: {"id"=>"3"}
  [4;36;1mStory Load (0.8ms)[0m   [0;1mSELECT * FROM "stories" WHERE ("stories"."id" = 3) [0m
Rendering template within layouts/stories
Rendering stories/edit
Completed in 45ms (View: 11, DB: 1) | 200 OK [http://localhost/stories/3/edit]


Processing StoriesController#edit (for 127.0.0.1 at 2009-07-26 21:00:25) [GET]
  Parameters: {"id"=>"3"}
  [4;35;1mStory Load (0.4ms)[0m   [0mSELECT * FROM "stories" WHERE ("stories"."id" = 3) [0m
Rendering template within layouts/stories
Rendering stories/edit
Completed in 25ms (View: 6, DB: 0) | 200 OK [http://localhost/stories/3/edit]


Processing StoriesController#update (for 127.0.0.1 at 2009-07-26 21:00:33) [PUT]
  Parameters: {"commit"=>"Update", "story"=>{"title"=>"ertwr", "description"=>"rt"}, "authenticity_token"=>"623qaErw7R1pKtGLRjIItKHcKRvZdjILBzp/wTjWoPg=", "id"=>"3"}
  [4;36;1mStory Load (0.7ms)[0m   [0;1mSELECT * FROM "stories" WHERE ("stories"."id" = 3) [0m
Redirected to http://localhost:3000/stories/3
Completed in 29ms (DB: 1) | 302 Found [http://localhost/stories/3]


Processing StoriesController#show (for 127.0.0.1 at 2009-07-26 21:00:33) [GET]
  Parameters: {"id"=>"3"}
  [4;35;1mStory Load (0.7ms)[0m   [0mSELECT * FROM "stories" WHERE ("stories"."id" = 3) [0m
Rendering template within layouts/stories
Rendering stories/show
Completed in 39ms (View: 6, DB: 1) | 200 OK [http://localhost/stories/3]
  [4;36;1mSQL (0.8ms)[0m   [0;1m SELECT name
 FROM sqlite_master
 WHERE type = 'table' AND NOT name = 'sqlite_sequence'
[0m
  [4;35;1mSQL (0.4ms)[0m   [0mSELECT version FROM schema_migrations[0m
  [4;36;1mSQL (0.3ms)[0m   [0;1mselect sqlite_version(*)[0m
  [4;35;1mSQL (0.3ms)[0m   [0m SELECT name
 FROM sqlite_master
 WHERE type = 'table' AND NOT name = 'sqlite_sequence'
[0m
  [4;36;1mSQL (6.7ms)[0m   [0;1mCREATE TABLE "stories" ("id" INTEGER PRIMARY KEY AUTOINCREMENT NOT NULL, "title" varchar(255), "description" varchar(255), "created_at" datetime, "updated_at" datetime) [0m
  [4;35;1mSQL (0.4ms)[0m   [0m SELECT name
 FROM sqlite_master
 WHERE type = 'table' AND NOT name = 'sqlite_sequence'
[0m
  [4;36;1mSQL (3.1ms)[0m   [0;1mCREATE TABLE "schema_migrations" ("version" varchar(255) NOT NULL) [0m
  [4;35;1mSQL (15.1ms)[0m   [0mCREATE UNIQUE INDEX "unique_schema_migrations" ON "schema_migrations" ("version")[0m
  [4;36;1mSQL (0.4ms)[0m   [0;1m SELECT name
 FROM sqlite_master
 WHERE type = 'table' AND NOT name = 'sqlite_sequence'
[0m
  [4;35;1mSQL (0.2ms)[0m   [0mSELECT version FROM "schema_migrations"[0m
  [4;36;1mSQL (4.0ms)[0m   [0;1mINSERT INTO "schema_migrations" (version) VALUES ('20090726213438')[0m


Processing StoriesController#index (for 127.0.0.1 at 2009-07-26 21:01:49) [GET]
  [4;36;1mStory Load (1.2ms)[0m   [0;1mSELECT * FROM "stories" [0m
Rendering template within layouts/stories
Rendering stories/index
Completed in 42ms (View: 11, DB: 1) | 200 OK [http://localhost/stories]


Processing StoriesController#show (for 127.0.0.1 at 2009-07-26 21:01:52) [GET]
  Parameters: {"id"=>"3"}
  [4;35;1mStory Load (0.5ms)[0m   [0mSELECT * FROM "stories" WHERE ("stories"."id" = 3) [0m
Rendering template within layouts/stories
Rendering stories/show
Completed in 94ms (View: 4, DB: 0) | 200 OK [http://localhost/stories/3]


Processing StoriesController#show (for 127.0.0.1 at 2009-07-26 21:02:35) [GET]
  Parameters: {"id"=>"3"}
  [4;36;1mStory Load (0.9ms)[0m   [0;1mSELECT * FROM "stories" WHERE ("stories"."id" = 3) [0m
Rendering template within layouts/stories
Rendering stories/show
Completed in 43ms (View: 7, DB: 1) | 200 OK [http://localhost/stories/3]


Processing StoriesController#show to xml (for 127.0.0.1 at 2009-07-26 21:02:37) [GET]
  Parameters: {"id"=>"3"}
  [4;35;1mStory Load (0.9ms)[0m   [0mSELECT * FROM "stories" WHERE ("stories"."id" = 3) [0m
Completed in 385ms (View: 361, DB: 1) | 200 OK [http://localhost/stories/3.xml]


Processing StoriesController#index (for 127.0.0.1 at 2009-07-26 21:02:43) [GET]
  [4;36;1mStory Load (1.3ms)[0m   [0;1mSELECT * FROM "stories" [0m
Rendering template within layouts/stories
Rendering stories/index
Completed in 45ms (View: 12, DB: 1) | 200 OK [http://localhost/stories]


Processing StoriesController#show (for 127.0.0.1 at 2009-07-26 21:02:45) [GET]
  Parameters: {"id"=>"3"}
  [4;35;1mStory Load (0.6ms)[0m   [0mSELECT * FROM "stories" WHERE ("stories"."id" = 3) [0m
Rendering template within layouts/stories
Rendering stories/show
Completed in 21ms (View: 3, DB: 1) | 200 OK [http://localhost/stories/3]
  [4;36;1mSQL (0.8ms)[0m   [0;1m SELECT name
 FROM sqlite_master
 WHERE type = 'table' AND NOT name = 'sqlite_sequence'
[0m
  [4;35;1mSQL (0.3ms)[0m   [0mSELECT version FROM schema_migrations[0m
  [4;36;1mSQL (0.3ms)[0m   [0;1mselect sqlite_version(*)[0m
  [4;35;1mSQL (0.3ms)[0m   [0m SELECT name
 FROM sqlite_master
 WHERE type = 'table' AND NOT name = 'sqlite_sequence'
[0m
  [4;36;1mSQL (4.4ms)[0m   [0;1mCREATE TABLE "stories" ("id" INTEGER PRIMARY KEY AUTOINCREMENT NOT NULL, "title" varchar(255), "description" varchar(255), "created_at" datetime, "updated_at" datetime) [0m
  [4;35;1mSQL (0.4ms)[0m   [0m SELECT name
 FROM sqlite_master
 WHERE type = 'table' AND NOT name = 'sqlite_sequence'
[0m
  [4;36;1mSQL (3.1ms)[0m   [0;1mCREATE TABLE "schema_migrations" ("version" varchar(255) NOT NULL) [0m
  [4;35;1mSQL (11.2ms)[0m   [0mCREATE UNIQUE INDEX "unique_schema_migrations" ON "schema_migrations" ("version")[0m
  [4;36;1mSQL (0.4ms)[0m   [0;1m SELECT name
 FROM sqlite_master
 WHERE type = 'table' AND NOT name = 'sqlite_sequence'
[0m
  [4;35;1mSQL (0.2ms)[0m   [0mSELECT version FROM "schema_migrations"[0m
  [4;36;1mSQL (4.0ms)[0m   [0;1mINSERT INTO "schema_migrations" (version) VALUES ('20090726213438')[0m


Processing StoriesController#index (for 127.0.0.1 at 2009-07-26 21:03:33) [GET]
  [4;36;1mStory Load (1.3ms)[0m   [0;1mSELECT * FROM "stories" [0m
Rendering template within layouts/stories
Rendering stories/index
Completed in 46ms (View: 11, DB: 1) | 200 OK [http://localhost/stories]


Processing StoriesController#new (for 127.0.0.1 at 2009-07-26 21:03:34) [GET]
Rendering template within layouts/stories
Rendering stories/new
Completed in 38ms (View: 9, DB: 0) | 200 OK [http://localhost/stories/new]


Processing StoriesController#create (for 127.0.0.1 at 2009-07-26 21:03:36) [POST]
  Parameters: {"commit"=>"Create", "story"=>{"title"=>"aaa", "description"=>""}, "authenticity_token"=>"623qaErw7R1pKtGLRjIItKHcKRvZdjILBzp/wTjWoPg="}
  [4;35;1mStory Create (0.5ms)[0m   [0mINSERT INTO "stories" ("created_at", "title", "updated_at", "description") VALUES('2009-07-27 00:03:36', 'aaa', '2009-07-27 00:03:36', '')[0m
Redirected to http://localhost:3000/stories/6
Completed in 20ms (DB: 0) | 302 Found [http://localhost/stories]


Processing StoriesController#show (for 127.0.0.1 at 2009-07-26 21:03:36) [GET]
  Parameters: {"id"=>"6"}
  [4;36;1mStory Load (0.5ms)[0m   [0;1mSELECT * FROM "stories" WHERE ("stories"."id" = 6) [0m
Rendering template within layouts/stories
Rendering stories/show
Completed in 31ms (View: 3, DB: 0) | 200 OK [http://localhost/stories/6]
  [4;36;1mSQL (0.7ms)[0m   [0;1m SELECT name
 FROM sqlite_master
 WHERE type = 'table' AND NOT name = 'sqlite_sequence'
[0m
  [4;35;1mSQL (0.3ms)[0m   [0mSELECT version FROM schema_migrations[0m
  [4;36;1mSQL (0.3ms)[0m   [0;1mselect sqlite_version(*)[0m
  [4;35;1mSQL (0.3ms)[0m   [0m SELECT name
 FROM sqlite_master
 WHERE type = 'table' AND NOT name = 'sqlite_sequence'
[0m
  [4;36;1mSQL (7.9ms)[0m   [0;1mCREATE TABLE "stories" ("id" INTEGER PRIMARY KEY AUTOINCREMENT NOT NULL, "title" varchar(255), "description" varchar(255), "created_at" datetime, "updated_at" datetime) [0m
  [4;35;1mSQL (0.4ms)[0m   [0m SELECT name
 FROM sqlite_master
 WHERE type = 'table' AND NOT name = 'sqlite_sequence'
[0m
  [4;36;1mSQL (2.6ms)[0m   [0;1mCREATE TABLE "schema_migrations" ("version" varchar(255) NOT NULL) [0m
  [4;35;1mSQL (15.0ms)[0m   [0mCREATE UNIQUE INDEX "unique_schema_migrations" ON "schema_migrations" ("version")[0m
  [4;36;1mSQL (0.4ms)[0m   [0;1m SELECT name
 FROM sqlite_master
 WHERE type = 'table' AND NOT name = 'sqlite_sequence'
[0m
  [4;35;1mSQL (0.2ms)[0m   [0mSELECT version FROM "schema_migrations"[0m
  [4;36;1mSQL (3.7ms)[0m   [0;1mINSERT INTO "schema_migrations" (version) VALUES ('20090726213438')[0m


Processing StoriesController#index (for 127.0.0.1 at 2009-07-26 21:04:25) [GET]
  [4;35;1mStory Load (1.6ms)[0m   [0mSELECT * FROM "stories" [0m
Rendering template within layouts/stories
Rendering stories/index
Completed in 50ms (View: 15, DB: 2) | 200 OK [http://localhost/stories/]
  [4;36;1mSQL (0.8ms)[0m   [0;1m SELECT name
 FROM sqlite_master
 WHERE type = 'table' AND NOT name = 'sqlite_sequence'
[0m
  [4;35;1mSQL (0.3ms)[0m   [0mSELECT version FROM schema_migrations[0m
  [4;36;1mSQL (0.3ms)[0m   [0;1mselect sqlite_version(*)[0m
  [4;35;1mSQL (0.3ms)[0m   [0m SELECT name
 FROM sqlite_master
 WHERE type = 'table' AND NOT name = 'sqlite_sequence'
[0m
  [4;36;1mSQL (4.9ms)[0m   [0;1mCREATE TABLE "stories" ("id" INTEGER PRIMARY KEY AUTOINCREMENT NOT NULL, "title" varchar(255), "description" varchar(255), "created_at" datetime, "updated_at" datetime) [0m
  [4;35;1mSQL (0.4ms)[0m   [0m SELECT name
 FROM sqlite_master
 WHERE type = 'table' AND NOT name = 'sqlite_sequence'
[0m
  [4;36;1mSQL (2.9ms)[0m   [0;1mCREATE TABLE "schema_migrations" ("version" varchar(255) NOT NULL) [0m
  [4;35;1mSQL (11.1ms)[0m   [0mCREATE UNIQUE INDEX "unique_schema_migrations" ON "schema_migrations" ("version")[0m
  [4;36;1mSQL (0.4ms)[0m   [0;1m SELECT name
 FROM sqlite_master
 WHERE type = 'table' AND NOT name = 'sqlite_sequence'
[0m
  [4;35;1mSQL (0.2ms)[0m   [0mSELECT version FROM "schema_migrations"[0m
  [4;36;1mSQL (9.2ms)[0m   [0;1mINSERT INTO "schema_migrations" (version) VALUES ('20090726213438')[0m


Processing StoriesController#show (for 127.0.0.1 at 2009-07-26 21:05:20) [GET]
  Parameters: {"id"=>"6"}
  [4;36;1mStory Load (0.9ms)[0m   [0;1mSELECT * FROM "stories" WHERE ("stories"."id" = 6) [0m
Rendering template within layouts/stories
Rendering stories/show
Completed in 41ms (View: 6, DB: 1) | 200 OK [http://localhost/stories/6]


Processing StoriesController#index (for 127.0.0.1 at 2009-07-26 21:05:28) [GET]
  [4;35;1mStory Load (1.4ms)[0m   [0mSELECT * FROM "stories" [0m
Rendering template within layouts/stories
Rendering stories/index
Completed in 58ms (View: 26, DB: 1) | 200 OK [http://localhost/stories]


Processing StoriesController#show (for 127.0.0.1 at 2009-07-26 21:25:34) [GET]
  Parameters: {"id"=>"6"}
  [4;36;1mStory Load (0.4ms)[0m   [0;1mSELECT * FROM "stories" WHERE ("stories"."id" = 6) [0m
Rendering template within layouts/stories
Rendering stories/show
Completed in 21ms (View: 3, DB: 0) | 200 OK [http://localhost/stories/6]
  [4;36;1mSQL (0.8ms)[0m   [0;1m SELECT name
 FROM sqlite_master
 WHERE type = 'table' AND NOT name = 'sqlite_sequence'
[0m
  [4;35;1mSQL (0.3ms)[0m   [0mSELECT version FROM schema_migrations[0m
  [4;36;1mSQL (0.3ms)[0m   [0;1mselect sqlite_version(*)[0m
  [4;35;1mSQL (0.3ms)[0m   [0m SELECT name
 FROM sqlite_master
 WHERE type = 'table' AND NOT name = 'sqlite_sequence'
[0m
  [4;36;1mSQL (4.4ms)[0m   [0;1mCREATE TABLE "stories" ("id" INTEGER PRIMARY KEY AUTOINCREMENT NOT NULL, "title" varchar(255), "description" varchar(255), "created_at" datetime, "updated_at" datetime) [0m
  [4;35;1mSQL (0.4ms)[0m   [0m SELECT name
 FROM sqlite_master
 WHERE type = 'table' AND NOT name = 'sqlite_sequence'
[0m
  [4;36;1mSQL (2.7ms)[0m   [0;1mCREATE TABLE "schema_migrations" ("version" varchar(255) NOT NULL) [0m
  [4;35;1mSQL (8.2ms)[0m   [0mCREATE UNIQUE INDEX "unique_schema_migrations" ON "schema_migrations" ("version")[0m
  [4;36;1mSQL (0.4ms)[0m   [0;1m SELECT name
 FROM sqlite_master
 WHERE type = 'table' AND NOT name = 'sqlite_sequence'
[0m
  [4;35;1mSQL (0.2ms)[0m   [0mSELECT version FROM "schema_migrations"[0m
  [4;36;1mSQL (11.0ms)[0m   [0;1mINSERT INTO "schema_migrations" (version) VALUES ('20090726213438')[0m
  [4;36;1mSQL (0.8ms)[0m   [0;1m SELECT name
 FROM sqlite_master
 WHERE type = 'table' AND NOT name = 'sqlite_sequence'
[0m
  [4;35;1mSQL (0.3ms)[0m   [0mSELECT version FROM schema_migrations[0m
  [4;36;1mSQL (0.5ms)[0m   [0;1mselect sqlite_version(*)[0m
  [4;35;1mSQL (0.3ms)[0m   [0m SELECT name
 FROM sqlite_master
 WHERE type = 'table' AND NOT name = 'sqlite_sequence'
[0m
  [4;36;1mSQL (6.6ms)[0m   [0;1mCREATE TABLE "stories" ("id" INTEGER PRIMARY KEY AUTOINCREMENT NOT NULL, "title" varchar(255), "description" varchar(255), "created_at" datetime, "updated_at" datetime) [0m
  [4;35;1mSQL (0.4ms)[0m   [0m SELECT name
 FROM sqlite_master
 WHERE type = 'table' AND NOT name = 'sqlite_sequence'
[0m
  [4;36;1mSQL (3.1ms)[0m   [0;1mCREATE TABLE "schema_migrations" ("version" varchar(255) NOT NULL) [0m
  [4;35;1mSQL (7.3ms)[0m   [0mCREATE UNIQUE INDEX "unique_schema_migrations" ON "schema_migrations" ("version")[0m
  [4;36;1mSQL (0.4ms)[0m   [0;1m SELECT name
 FROM sqlite_master
 WHERE type = 'table' AND NOT name = 'sqlite_sequence'
[0m
  [4;35;1mSQL (0.2ms)[0m   [0mSELECT version FROM "schema_migrations"[0m
  [4;36;1mSQL (7.9ms)[0m   [0;1mINSERT INTO "schema_migrations" (version) VALUES ('20090726213438')[0m


Processing StoriesController#index (for 127.0.0.1 at 2009-07-26 21:27:51) [GET]
  [4;35;1mStory Load (1.4ms)[0m   [0mSELECT * FROM "stories" [0m
Rendering template within layouts/stories
Rendering stories/index
Completed in 45ms (View: 13, DB: 1) | 200 OK [http://localhost/stories]


Processing StoriesController#new (for 127.0.0.1 at 2009-07-26 21:27:54) [GET]
Rendering template within layouts/stories
Rendering stories/new
Completed in 21ms (View: 5, DB: 0) | 200 OK [http://localhost/stories/new]


Processing StoriesController#index (for 127.0.0.1 at 2009-07-26 21:27:56) [GET]
  [4;36;1mStory Load (1.5ms)[0m   [0;1mSELECT * FROM "stories" [0m
Rendering template within layouts/stories
Rendering stories/index
Completed in 46ms (View: 14, DB: 1) | 200 OK [http://localhost/stories]
  [4;36;1mSQL (1.0ms)[0m   [0;1m SELECT name
 FROM sqlite_master
 WHERE type = 'table' AND NOT name = 'sqlite_sequence'
[0m
  [4;35;1mSQL (0.4ms)[0m   [0mSELECT version FROM schema_migrations[0m
  [4;36;1mSQL (0.3ms)[0m   [0;1mselect sqlite_version(*)[0m
  [4;35;1mSQL (0.4ms)[0m   [0m SELECT name
 FROM sqlite_master
 WHERE type = 'table' AND NOT name = 'sqlite_sequence'
[0m
  [4;36;1mSQL (16.7ms)[0m   [0;1mCREATE TABLE "stories" ("id" INTEGER PRIMARY KEY AUTOINCREMENT NOT NULL, "title" varchar(255), "description" varchar(255), "created_at" datetime, "updated_at" datetime) [0m
  [4;35;1mSQL (0.4ms)[0m   [0m SELECT name
 FROM sqlite_master
 WHERE type = 'table' AND NOT name = 'sqlite_sequence'
[0m
  [4;36;1mSQL (3.9ms)[0m   [0;1mCREATE TABLE "schema_migrations" ("version" varchar(255) NOT NULL) [0m
  [4;35;1mSQL (11.3ms)[0m   [0mCREATE UNIQUE INDEX "unique_schema_migrations" ON "schema_migrations" ("version")[0m
  [4;36;1mSQL (0.4ms)[0m   [0;1m SELECT name
 FROM sqlite_master
 WHERE type = 'table' AND NOT name = 'sqlite_sequence'
[0m
  [4;35;1mSQL (0.2ms)[0m   [0mSELECT version FROM "schema_migrations"[0m
  [4;36;1mSQL (3.9ms)[0m   [0;1mINSERT INTO "schema_migrations" (version) VALUES ('20090726213438')[0m
  [4;36;1mSQL (0.8ms)[0m   [0;1m SELECT name
 FROM sqlite_master
 WHERE type = 'table' AND NOT name = 'sqlite_sequence'
[0m
  [4;35;1mSQL (0.3ms)[0m   [0mSELECT version FROM schema_migrations[0m
  [4;36;1mSQL (0.2ms)[0m   [0;1mselect sqlite_version(*)[0m
  [4;35;1mSQL (0.3ms)[0m   [0m SELECT name
 FROM sqlite_master
 WHERE type = 'table' AND NOT name = 'sqlite_sequence'
[0m
  [4;36;1mSQL (8.0ms)[0m   [0;1mCREATE TABLE "stories" ("id" INTEGER PRIMARY KEY AUTOINCREMENT NOT NULL, "title" varchar(255), "description" varchar(255), "created_at" datetime, "updated_at" datetime) [0m
  [4;35;1mSQL (0.4ms)[0m   [0m SELECT name
 FROM sqlite_master
 WHERE type = 'table' AND NOT name = 'sqlite_sequence'
[0m
  [4;36;1mSQL (5.6ms)[0m   [0;1mCREATE TABLE "schema_migrations" ("version" varchar(255) NOT NULL) [0m
  [4;35;1mSQL (40.0ms)[0m   [0mCREATE UNIQUE INDEX "unique_schema_migrations" ON "schema_migrations" ("version")[0m
  [4;36;1mSQL (0.4ms)[0m   [0;1m SELECT name
 FROM sqlite_master
 WHERE type = 'table' AND NOT name = 'sqlite_sequence'
[0m
  [4;35;1mSQL (0.2ms)[0m   [0mSELECT version FROM "schema_migrations"[0m
  [4;36;1mSQL (28.6ms)[0m   [0;1mINSERT INTO "schema_migrations" (version) VALUES ('20090726213438')[0m
  [4;36;1mSQL (0.8ms)[0m   [0;1m SELECT name
 FROM sqlite_master
 WHERE type = 'table' AND NOT name = 'sqlite_sequence'
[0m
  [4;35;1mSQL (0.3ms)[0m   [0mSELECT version FROM schema_migrations[0m
  [4;36;1mSQL (0.3ms)[0m   [0;1mselect sqlite_version(*)[0m
  [4;35;1mSQL (0.3ms)[0m   [0m SELECT name
 FROM sqlite_master
 WHERE type = 'table' AND NOT name = 'sqlite_sequence'
[0m
  [4;36;1mSQL (8.9ms)[0m   [0;1mCREATE TABLE "stories" ("id" INTEGER PRIMARY KEY AUTOINCREMENT NOT NULL, "title" varchar(255), "description" varchar(255), "created_at" datetime, "updated_at" datetime) [0m
  [4;35;1mSQL (0.4ms)[0m   [0m SELECT name
 FROM sqlite_master
 WHERE type = 'table' AND NOT name = 'sqlite_sequence'
[0m
  [4;36;1mSQL (7.6ms)[0m   [0;1mCREATE TABLE "schema_migrations" ("version" varchar(255) NOT NULL) [0m
  [4;35;1mSQL (9.7ms)[0m   [0mCREATE UNIQUE INDEX "unique_schema_migrations" ON "schema_migrations" ("version")[0m
  [4;36;1mSQL (0.4ms)[0m   [0;1m SELECT name
 FROM sqlite_master
 WHERE type = 'table' AND NOT name = 'sqlite_sequence'
[0m
  [4;35;1mSQL (0.2ms)[0m   [0mSELECT version FROM "schema_migrations"[0m
  [4;36;1mSQL (4.3ms)[0m   [0;1mINSERT INTO "schema_migrations" (version) VALUES ('20090726213438')[0m


Processing ApplicationController#index (for 127.0.0.1 at 2009-07-26 21:33:36) [GET]

NoMethodError (undefined method `validates_presence_of' for StoriesController:Class):
  app/controllers/stories_controller.rb:3
  /usr/lib/ruby/1.8/webrick/httpserver.rb:104:in `service'
  /usr/lib/ruby/1.8/webrick/httpserver.rb:65:in `run'
  /usr/lib/ruby/1.8/webrick/server.rb:173:in `start_thread'
  /usr/lib/ruby/1.8/webrick/server.rb:162:in `start'
  /usr/lib/ruby/1.8/webrick/server.rb:162:in `start_thread'
  /usr/lib/ruby/1.8/webrick/server.rb:95:in `start'
  /usr/lib/ruby/1.8/webrick/server.rb:92:in `each'
  /usr/lib/ruby/1.8/webrick/server.rb:92:in `start'
  /usr/lib/ruby/1.8/webrick/server.rb:23:in `start'
  /usr/lib/ruby/1.8/webrick/server.rb:82:in `start'

Rendered rescues/_trace (50.9ms)
Rendered rescues/_request_and_response (1.9ms)
Rendering rescues/layout (internal_server_error)
  [4;36;1mSQL (0.8ms)[0m   [0;1m SELECT name
 FROM sqlite_master
 WHERE type = 'table' AND NOT name = 'sqlite_sequence'
[0m
  [4;35;1mSQL (0.3ms)[0m   [0mSELECT version FROM schema_migrations[0m
  [4;36;1mSQL (0.2ms)[0m   [0;1mselect sqlite_version(*)[0m
  [4;35;1mSQL (0.3ms)[0m   [0m SELECT name
 FROM sqlite_master
 WHERE type = 'table' AND NOT name = 'sqlite_sequence'
[0m
  [4;36;1mSQL (4.9ms)[0m   [0;1mCREATE TABLE "stories" ("id" INTEGER PRIMARY KEY AUTOINCREMENT NOT NULL, "title" varchar(255), "description" varchar(255), "created_at" datetime, "updated_at" datetime) [0m
  [4;35;1mSQL (0.4ms)[0m   [0m SELECT name
 FROM sqlite_master
 WHERE type = 'table' AND NOT name = 'sqlite_sequence'
[0m
  [4;36;1mSQL (3.2ms)[0m   [0;1mCREATE TABLE "schema_migrations" ("version" varchar(255) NOT NULL) [0m
  [4;35;1mSQL (11.0ms)[0m   [0mCREATE UNIQUE INDEX "unique_schema_migrations" ON "schema_migrations" ("version")[0m
  [4;36;1mSQL (0.4ms)[0m   [0;1m SELECT name
 FROM sqlite_master
 WHERE type = 'table' AND NOT name = 'sqlite_sequence'
[0m
  [4;35;1mSQL (0.2ms)[0m   [0mSELECT version FROM "schema_migrations"[0m
  [4;36;1mSQL (5.5ms)[0m   [0;1mINSERT INTO "schema_migrations" (version) VALUES ('20090726213438')[0m


Processing StoriesController#index (for 127.0.0.1 at 2009-07-26 21:35:20) [GET]
  [4;36;1mStory Load (1.0ms)[0m   [0;1mSELECT * FROM "stories" [0m
Rendering template within layouts/stories
Rendering stories/index
Completed in 41ms (View: 21, DB: 1) | 200 OK [http://localhost/stories]


Processing StoriesController#new (for 127.0.0.1 at 2009-07-26 21:35:30) [GET]
Rendering template within layouts/stories
Rendering stories/new
Completed in 50ms (View: 18, DB: 0) | 200 OK [http://localhost/stories/new]


Processing StoriesController#create (for 127.0.0.1 at 2009-07-26 21:35:31) [POST]
  Parameters: {"commit"=>"Create", "story"=>{"title"=>"", "description"=>""}, "authenticity_token"=>"623qaErw7R1pKtGLRjIItKHcKRvZdjILBzp/wTjWoPg="}
Rendering template within layouts/stories
Rendering stories/new
Completed in 36ms (View: 5, DB: 0) | 200 OK [http://localhost/stories]
  [4;36;1mSQL (0.8ms)[0m   [0;1m SELECT name
 FROM sqlite_master
 WHERE type = 'table' AND NOT name = 'sqlite_sequence'
[0m
  [4;35;1mSQL (0.3ms)[0m   [0mSELECT version FROM schema_migrations[0m
  [4;36;1mSQL (0.3ms)[0m   [0;1mselect sqlite_version(*)[0m
  [4;35;1mSQL (0.3ms)[0m   [0m SELECT name
 FROM sqlite_master
 WHERE type = 'table' AND NOT name = 'sqlite_sequence'
[0m
  [4;36;1mSQL (6.0ms)[0m   [0;1mCREATE TABLE "stories" ("id" INTEGER PRIMARY KEY AUTOINCREMENT NOT NULL, "title" varchar(255), "description" varchar(255), "created_at" datetime, "updated_at" datetime) [0m
  [4;35;1mSQL (0.4ms)[0m   [0m SELECT name
 FROM sqlite_master
 WHERE type = 'table' AND NOT name = 'sqlite_sequence'
[0m
  [4;36;1mSQL (3.0ms)[0m   [0;1mCREATE TABLE "schema_migrations" ("version" varchar(255) NOT NULL) [0m
  [4;35;1mSQL (10.5ms)[0m   [0mCREATE UNIQUE INDEX "unique_schema_migrations" ON "schema_migrations" ("version")[0m
  [4;36;1mSQL (0.4ms)[0m   [0;1m SELECT name
 FROM sqlite_master
 WHERE type = 'table' AND NOT name = 'sqlite_sequence'
[0m
  [4;35;1mSQL (0.4ms)[0m   [0mSELECT version FROM "schema_migrations"[0m
  [4;36;1mSQL (10.6ms)[0m   [0;1mINSERT INTO "schema_migrations" (version) VALUES ('20090726213438')[0m


Processing StoriesController#index (for 127.0.0.1 at 2009-07-26 21:58:57) [GET]
  [4;35;1mStory Load (1.6ms)[0m   [0mSELECT * FROM "stories" [0m
Rendering template within layouts/stories
Rendering stories/index
Completed in 50ms (View: 15, DB: 2) | 200 OK [http://localhost/stories]


Processing StoriesController#new (for 127.0.0.1 at 2009-07-26 21:59:01) [GET]
Rendering template within layouts/stories
Rendering stories/new
Completed in 41ms (View: 10, DB: 0) | 200 OK [http://localhost/stories/new]


Processing StoriesController#index (for 127.0.0.1 at 2009-07-26 21:59:04) [GET]
  [4;36;1mStory Load (1.5ms)[0m   [0;1mSELECT * FROM "stories" [0m
Rendering template within layouts/stories
Rendering stories/index
Completed in 37ms (View: 10, DB: 2) | 200 OK [http://localhost/stories]
  [4;36;1mSQL (0.8ms)[0m   [0;1m SELECT name
 FROM sqlite_master
 WHERE type = 'table' AND NOT name = 'sqlite_sequence'
[0m
  [4;35;1mSQL (0.4ms)[0m   [0mSELECT version FROM schema_migrations[0m
Migrating to CreateStories (20090726213438)
Migrating to CreateTasks (20090727010700)
  [4;36;1mSQL (0.3ms)[0m   [0;1mselect sqlite_version(*)[0m
  [4;35;1mSQL (0.9ms)[0m   [0mCREATE TABLE "tasks" ("id" INTEGER PRIMARY KEY AUTOINCREMENT NOT NULL, "story_id" integer, "description" varchar(255), "created_at" datetime, "updated_at" datetime) [0m
  [4;36;1mSQL (0.3ms)[0m   [0;1mINSERT INTO schema_migrations (version) VALUES ('20090727010700')[0m
  [4;35;1mSQL (0.6ms)[0m   [0m SELECT name
 FROM sqlite_master
 WHERE type = 'table' AND NOT name = 'sqlite_sequence'
[0m
  [4;36;1mSQL (0.4ms)[0m   [0;1mSELECT version FROM schema_migrations[0m
  [4;35;1mSQL (0.5ms)[0m   [0m SELECT name
 FROM sqlite_master
 WHERE type = 'table' AND NOT name = 'sqlite_sequence'
[0m
  [4;36;1mSQL (0.2ms)[0m   [0;1mPRAGMA index_list("stories")[0m
  [4;35;1mSQL (0.2ms)[0m   [0mPRAGMA index_list("tasks")[0m


Processing StoriesController#index (for 127.0.0.1 at 2009-07-26 22:10:01) [GET]
  [4;36;1mStory Load (1.2ms)[0m   [0;1mSELECT * FROM "stories" [0m
Rendering template within layouts/stories
Rendering stories/index
Completed in 63ms (View: 24, DB: 1) | 200 OK [http://localhost/stories]


Processing TasksController#index (for 127.0.0.1 at 2009-07-26 22:10:07) [GET]
  [4;35;1mTask Load (1.1ms)[0m   [0mSELECT * FROM "tasks" [0m
Rendering template within layouts/tasks
Rendering tasks/index
Completed in 85ms (View: 29, DB: 1) | 200 OK [http://localhost/tasks]


Processing TasksController#new (for 127.0.0.1 at 2009-07-26 22:10:10) [GET]
Rendering template within layouts/tasks
Rendering tasks/new
Completed in 52ms (View: 19, DB: 0) | 200 OK [http://localhost/tasks/new]


Processing TasksController#create (for 127.0.0.1 at 2009-07-26 22:10:12) [POST]
  Parameters: {"commit"=>"Create", "authenticity_token"=>"623qaErw7R1pKtGLRjIItKHcKRvZdjILBzp/wTjWoPg=", "task"=>{"story_id"=>"sd", "description"=>"sdfs"}}
  [4;36;1mTask Create (0.8ms)[0m   [0;1mINSERT INTO "tasks" ("created_at", "updated_at", "story_id", "description") VALUES('2009-07-27 01:10:12', '2009-07-27 01:10:12', 0, 'sdfs')[0m
Redirected to http://localhost:3000/tasks/1
Completed in 42ms (DB: 1) | 302 Found [http://localhost/tasks]


Processing TasksController#show (for 127.0.0.1 at 2009-07-26 22:10:12) [GET]
  Parameters: {"id"=>"1"}
  [4;35;1mTask Load (0.9ms)[0m   [0mSELECT * FROM "tasks" WHERE ("tasks"."id" = 1) [0m
Rendering template within layouts/tasks
Rendering tasks/show
Completed in 112ms (View: 9, DB: 1) | 200 OK [http://localhost/tasks/1]


Processing StoriesController#index (for 127.0.0.1 at 2009-07-26 22:10:19) [GET]
  [4;36;1mStory Load (1.6ms)[0m   [0;1mSELECT * FROM "stories" [0m
Rendering template within layouts/stories
Rendering stories/index
Completed in 68ms (View: 15, DB: 2) | 200 OK [http://localhost/stories]


Processing StoriesController#new (for 127.0.0.1 at 2009-07-26 22:10:21) [GET]
Rendering template within layouts/stories
Rendering stories/new
Completed in 54ms (View: 19, DB: 0) | 200 OK [http://localhost/stories/new]
  [4;36;1mSQL (0.9ms)[0m   [0;1m SELECT name
 FROM sqlite_master
 WHERE type = 'table' AND NOT name = 'sqlite_sequence'
[0m
  [4;35;1mSQL (0.4ms)[0m   [0mSELECT version FROM schema_migrations[0m
Migrating to CreateStories (20090726213438)
Migrating to CreateTasks (20090727010700)
  [4;36;1mSQL (0.3ms)[0m   [0;1mselect sqlite_version(*)[0m
  [4;35;1mSQL (0.5ms)[0m   [0m SELECT name
 FROM sqlite_master
 WHERE type = 'table' AND NOT name = 'sqlite_sequence'
[0m
  [4;36;1mSQL (0.3ms)[0m   [0;1mSELECT version FROM schema_migrations[0m
  [4;35;1mSQL (0.4ms)[0m   [0m SELECT name
 FROM sqlite_master
 WHERE type = 'table' AND NOT name = 'sqlite_sequence'
[0m
  [4;36;1mSQL (0.8ms)[0m   [0;1mPRAGMA index_list("stories")[0m
  [4;35;1mSQL (0.1ms)[0m   [0mPRAGMA index_list("tasks")[0m
  [4;36;1mSQL (0.9ms)[0m   [0;1m SELECT name
 FROM sqlite_master
 WHERE type = 'table' AND NOT name = 'sqlite_sequence'
[0m
  [4;35;1mSQL (0.3ms)[0m   [0mSELECT version FROM schema_migrations[0m
  [4;36;1mSQL (0.3ms)[0m   [0;1mselect sqlite_version(*)[0m
  [4;35;1mSQL (0.3ms)[0m   [0m SELECT name
 FROM sqlite_master
 WHERE type = 'table' AND NOT name = 'sqlite_sequence'
[0m
  [4;36;1mSQL (5.1ms)[0m   [0;1mCREATE TABLE "stories" ("id" INTEGER PRIMARY KEY AUTOINCREMENT NOT NULL, "title" varchar(255), "description" varchar(255), "created_at" datetime, "updated_at" datetime) [0m
  [4;35;1mSQL (0.4ms)[0m   [0m SELECT name
 FROM sqlite_master
 WHERE type = 'table' AND NOT name = 'sqlite_sequence'
[0m
  [4;36;1mSQL (9.5ms)[0m   [0;1mCREATE TABLE "tasks" ("id" INTEGER PRIMARY KEY AUTOINCREMENT NOT NULL, "story_id" integer, "description" varchar(255), "created_at" datetime, "updated_at" datetime) [0m
  [4;35;1mSQL (0.5ms)[0m   [0m SELECT name
 FROM sqlite_master
 WHERE type = 'table' AND NOT name = 'sqlite_sequence'
[0m
  [4;36;1mSQL (8.0ms)[0m   [0;1mCREATE TABLE "schema_migrations" ("version" varchar(255) NOT NULL) [0m
  [4;35;1mSQL (5.5ms)[0m   [0mCREATE UNIQUE INDEX "unique_schema_migrations" ON "schema_migrations" ("version")[0m
  [4;36;1mSQL (0.5ms)[0m   [0;1m SELECT name
 FROM sqlite_master
 WHERE type = 'table' AND NOT name = 'sqlite_sequence'
[0m
  [4;35;1mSQL (0.2ms)[0m   [0mSELECT version FROM "schema_migrations"[0m
  [4;36;1mSQL (10.3ms)[0m   [0;1mINSERT INTO "schema_migrations" (version) VALUES ('20090727010700')[0m
  [4;35;1mSQL (2.5ms)[0m   [0mINSERT INTO "schema_migrations" (version) VALUES ('20090726213438')[0m
  [4;36;1mSQL (0.9ms)[0m   [0;1m SELECT name
 FROM sqlite_master
 WHERE type = 'table' AND NOT name = 'sqlite_sequence'
[0m
  [4;35;1mSQL (0.3ms)[0m   [0mSELECT version FROM schema_migrations[0m
  [4;36;1mSQL (0.3ms)[0m   [0;1mselect sqlite_version(*)[0m
  [4;35;1mSQL (0.3ms)[0m   [0m SELECT name
 FROM sqlite_master
 WHERE type = 'table' AND NOT name = 'sqlite_sequence'
[0m
  [4;36;1mSQL (6.6ms)[0m   [0;1mCREATE TABLE "stories" ("id" INTEGER PRIMARY KEY AUTOINCREMENT NOT NULL, "title" varchar(255), "description" varchar(255), "created_at" datetime, "updated_at" datetime) [0m
  [4;35;1mSQL (0.4ms)[0m   [0m SELECT name
 FROM sqlite_master
 WHERE type = 'table' AND NOT name = 'sqlite_sequence'
[0m
  [4;36;1mSQL (5.3ms)[0m   [0;1mCREATE TABLE "tasks" ("id" INTEGER PRIMARY KEY AUTOINCREMENT NOT NULL, "story_id" integer, "description" varchar(255), "created_at" datetime, "updated_at" datetime) [0m
  [4;35;1mSQL (0.6ms)[0m   [0m SELECT name
 FROM sqlite_master
 WHERE type = 'table' AND NOT name = 'sqlite_sequence'
[0m
  [4;36;1mSQL (5.7ms)[0m   [0;1mCREATE TABLE "schema_migrations" ("version" varchar(255) NOT NULL) [0m
  [4;35;1mSQL (6.7ms)[0m   [0mCREATE UNIQUE INDEX "unique_schema_migrations" ON "schema_migrations" ("version")[0m
  [4;36;1mSQL (0.5ms)[0m   [0;1m SELECT name
 FROM sqlite_master
 WHERE type = 'table' AND NOT name = 'sqlite_sequence'
[0m
  [4;35;1mSQL (0.2ms)[0m   [0mSELECT version FROM "schema_migrations"[0m
  [4;36;1mSQL (17.5ms)[0m   [0;1mINSERT INTO "schema_migrations" (version) VALUES ('20090727010700')[0m
  [4;35;1mSQL (6.0ms)[0m   [0mINSERT INTO "schema_migrations" (version) VALUES ('20090726213438')[0m


Processing StoriesController#new (for 127.0.0.1 at 2009-07-26 22:19:07) [GET]
Rendering template within layouts/stories
Rendering stories/new
Completed in 48ms (View: 19, DB: 0) | 200 OK [http://localhost/stories/new]


Processing StoriesController#index (for 127.0.0.1 at 2009-07-26 22:19:08) [GET]
  [4;36;1mStory Load (1.6ms)[0m   [0;1mSELECT * FROM "stories" [0m
Rendering template within layouts/stories
Rendering stories/index
Completed in 72ms (View: 23, DB: 2) | 200 OK [http://localhost/stories]


Processing StoriesController#new (for 127.0.0.1 at 2009-07-26 22:19:10) [GET]
Rendering template within layouts/stories
Rendering stories/new
Completed in 44ms (View: 10, DB: 0) | 200 OK [http://localhost/stories/new]


Processing TasksController#index (for 127.0.0.1 at 2009-07-26 22:19:15) [GET]
  [4;35;1mTask Load (1.4ms)[0m   [0mSELECT * FROM "tasks" [0m
Rendering template within layouts/tasks
Rendering tasks/index

ActionView::TemplateError (undefined method `task_path' for #<ActionView::Base:0xb68923b0>) on line #13 of app/views/tasks/index.html.erb:
10:   <tr>
11:     <td><%=h task.story_id %></td>
12:     <td><%=h task.description %></td>
13:     <td><%= link_to 'Show', task %></td>
14:     <td><%= link_to 'Edit', edit_task_path(task) %></td>
15:     <td><%= link_to 'Destroy', task, :confirm => 'Are you sure?', :method => :delete %></td>
16:   </tr>

    app/views/tasks/index.html.erb:13
    app/views/tasks/index.html.erb:9:in `each'
    app/views/tasks/index.html.erb:9
    app/controllers/tasks_controller.rb:7:in `index'
    /usr/lib/ruby/1.8/webrick/httpserver.rb:104:in `service'
    /usr/lib/ruby/1.8/webrick/httpserver.rb:65:in `run'
    /usr/lib/ruby/1.8/webrick/server.rb:173:in `start_thread'
    /usr/lib/ruby/1.8/webrick/server.rb:162:in `start'
    /usr/lib/ruby/1.8/webrick/server.rb:162:in `start_thread'
    /usr/lib/ruby/1.8/webrick/server.rb:95:in `start'
    /usr/lib/ruby/1.8/webrick/server.rb:92:in `each'
    /usr/lib/ruby/1.8/webrick/server.rb:92:in `start'
    /usr/lib/ruby/1.8/webrick/server.rb:23:in `start'
    /usr/lib/ruby/1.8/webrick/server.rb:82:in `start'

Rendered rescues/_trace (167.5ms)
Rendered rescues/_request_and_response (2.2ms)
Rendering rescues/layout (internal_server_error)
  [4;36;1mSQL (0.9ms)[0m   [0;1m SELECT name
 FROM sqlite_master
 WHERE type = 'table' AND NOT name = 'sqlite_sequence'
[0m
  [4;35;1mSQL (0.4ms)[0m   [0mSELECT version FROM schema_migrations[0m
  [4;36;1mSQL (0.3ms)[0m   [0;1mselect sqlite_version(*)[0m
  [4;35;1mSQL (0.3ms)[0m   [0m SELECT name
 FROM sqlite_master
 WHERE type = 'table' AND NOT name = 'sqlite_sequence'
[0m
  [4;36;1mSQL (6.8ms)[0m   [0;1mCREATE TABLE "stories" ("id" INTEGER PRIMARY KEY AUTOINCREMENT NOT NULL, "title" varchar(255), "description" varchar(255), "created_at" datetime, "updated_at" datetime) [0m
  [4;35;1mSQL (0.4ms)[0m   [0m SELECT name
 FROM sqlite_master
 WHERE type = 'table' AND NOT name = 'sqlite_sequence'
[0m
  [4;36;1mSQL (2.8ms)[0m   [0;1mCREATE TABLE "tasks" ("id" INTEGER PRIMARY KEY AUTOINCREMENT NOT NULL, "story_id" integer, "description" varchar(255), "created_at" datetime, "updated_at" datetime) [0m
  [4;35;1mSQL (0.5ms)[0m   [0m SELECT name
 FROM sqlite_master
 WHERE type = 'table' AND NOT name = 'sqlite_sequence'
[0m
  [4;36;1mSQL (5.8ms)[0m   [0;1mCREATE TABLE "schema_migrations" ("version" varchar(255) NOT NULL) [0m
  [4;35;1mSQL (10.7ms)[0m   [0mCREATE UNIQUE INDEX "unique_schema_migrations" ON "schema_migrations" ("version")[0m
  [4;36;1mSQL (0.5ms)[0m   [0;1m SELECT name
 FROM sqlite_master
 WHERE type = 'table' AND NOT name = 'sqlite_sequence'
[0m
  [4;35;1mSQL (0.2ms)[0m   [0mSELECT version FROM "schema_migrations"[0m
  [4;36;1mSQL (4.2ms)[0m   [0;1mINSERT INTO "schema_migrations" (version) VALUES ('20090727010700')[0m
  [4;35;1mSQL (3.7ms)[0m   [0mINSERT INTO "schema_migrations" (version) VALUES ('20090726213438')[0m
  [4;36;1mSQL (0.8ms)[0m   [0;1m SELECT name
 FROM sqlite_master
 WHERE type = 'table' AND NOT name = 'sqlite_sequence'
[0m
  [4;35;1mSQL (0.3ms)[0m   [0mSELECT version FROM schema_migrations[0m
  [4;36;1mSQL (0.3ms)[0m   [0;1mselect sqlite_version(*)[0m
  [4;35;1mSQL (0.3ms)[0m   [0m SELECT name
 FROM sqlite_master
 WHERE type = 'table' AND NOT name = 'sqlite_sequence'
[0m
  [4;36;1mSQL (3.3ms)[0m   [0;1mCREATE TABLE "stories" ("id" INTEGER PRIMARY KEY AUTOINCREMENT NOT NULL, "title" varchar(255), "description" varchar(255), "created_at" datetime, "updated_at" datetime) [0m
  [4;35;1mSQL (0.4ms)[0m   [0m SELECT name
 FROM sqlite_master
 WHERE type = 'table' AND NOT name = 'sqlite_sequence'
[0m
  [4;36;1mSQL (8.5ms)[0m   [0;1mCREATE TABLE "tasks" ("id" INTEGER PRIMARY KEY AUTOINCREMENT NOT NULL, "story_id" integer, "description" varchar(255), "created_at" datetime, "updated_at" datetime) [0m
  [4;35;1mSQL (0.4ms)[0m   [0m SELECT name
 FROM sqlite_master
 WHERE type = 'table' AND NOT name = 'sqlite_sequence'
[0m
  [4;36;1mSQL (3.5ms)[0m   [0;1mCREATE TABLE "schema_migrations" ("version" varchar(255) NOT NULL) [0m
  [4;35;1mSQL (16.5ms)[0m   [0mCREATE UNIQUE INDEX "unique_schema_migrations" ON "schema_migrations" ("version")[0m
  [4;36;1mSQL (1.8ms)[0m   [0;1m SELECT name
 FROM sqlite_master
 WHERE type = 'table' AND NOT name = 'sqlite_sequence'
[0m
  [4;35;1mSQL (0.3ms)[0m   [0mSELECT version FROM "schema_migrations"[0m
  [4;36;1mSQL (4.4ms)[0m   [0;1mINSERT INTO "schema_migrations" (version) VALUES ('20090727010700')[0m
  [4;35;1mSQL (6.5ms)[0m   [0mINSERT INTO "schema_migrations" (version) VALUES ('20090726213438')[0m
  [4;36;1mSQL (0.9ms)[0m   [0;1m SELECT name
 FROM sqlite_master
 WHERE type = 'table' AND NOT name = 'sqlite_sequence'
[0m
  [4;35;1mSQL (0.4ms)[0m   [0mSELECT version FROM schema_migrations[0m
  [4;36;1mSQL (0.3ms)[0m   [0;1mselect sqlite_version(*)[0m
  [4;35;1mSQL (0.3ms)[0m   [0m SELECT name
 FROM sqlite_master
 WHERE type = 'table' AND NOT name = 'sqlite_sequence'
[0m
  [4;36;1mSQL (5.8ms)[0m   [0;1mCREATE TABLE "stories" ("id" INTEGER PRIMARY KEY AUTOINCREMENT NOT NULL, "title" varchar(255), "description" varchar(255), "created_at" datetime, "updated_at" datetime) [0m
  [4;35;1mSQL (0.4ms)[0m   [0m SELECT name
 FROM sqlite_master
 WHERE type = 'table' AND NOT name = 'sqlite_sequence'
[0m
  [4;36;1mSQL (6.4ms)[0m   [0;1mCREATE TABLE "tasks" ("id" INTEGER PRIMARY KEY AUTOINCREMENT NOT NULL, "story_id" integer, "description" varchar(255), "created_at" datetime, "updated_at" datetime) [0m
  [4;35;1mSQL (0.5ms)[0m   [0m SELECT name
 FROM sqlite_master
 WHERE type = 'table' AND NOT name = 'sqlite_sequence'
[0m
  [4;36;1mSQL (4.3ms)[0m   [0;1mCREATE TABLE "schema_migrations" ("version" varchar(255) NOT NULL) [0m
  [4;35;1mSQL (8.4ms)[0m   [0mCREATE UNIQUE INDEX "unique_schema_migrations" ON "schema_migrations" ("version")[0m
  [4;36;1mSQL (0.5ms)[0m   [0;1m SELECT name
 FROM sqlite_master
 WHERE type = 'table' AND NOT name = 'sqlite_sequence'
[0m
  [4;35;1mSQL (0.2ms)[0m   [0mSELECT version FROM "schema_migrations"[0m
  [4;36;1mSQL (8.6ms)[0m   [0;1mINSERT INTO "schema_migrations" (version) VALUES ('20090727010700')[0m
  [4;35;1mSQL (3.5ms)[0m   [0mINSERT INTO "schema_migrations" (version) VALUES ('20090726213438')[0m


Processing TasksController#new (for 127.0.0.1 at 2009-07-26 22:30:23) [GET]
Rendering template within layouts/tasks
Rendering tasks/new

ActionView::TemplateError (undefined method `tasks_path' for #<ActionView::Base:0xb6a4b56c>) on line #3 of app/views/tasks/new.html.erb:
1: <h1>New task</h1>
2: 
3: <% form_for(@task) do |f| %>
4:   <%= f.error_messages %>
5: 
6:   <p>

    app/views/tasks/new.html.erb:3
    app/controllers/tasks_controller.rb:29:in `new'
    /usr/lib/ruby/1.8/webrick/httpserver.rb:104:in `service'
    /usr/lib/ruby/1.8/webrick/httpserver.rb:65:in `run'
    /usr/lib/ruby/1.8/webrick/server.rb:173:in `start_thread'
    /usr/lib/ruby/1.8/webrick/server.rb:162:in `start'
    /usr/lib/ruby/1.8/webrick/server.rb:162:in `start_thread'
    /usr/lib/ruby/1.8/webrick/server.rb:95:in `start'
    /usr/lib/ruby/1.8/webrick/server.rb:92:in `each'
    /usr/lib/ruby/1.8/webrick/server.rb:92:in `start'
    /usr/lib/ruby/1.8/webrick/server.rb:23:in `start'
    /usr/lib/ruby/1.8/webrick/server.rb:82:in `start'

Rendered rescues/_trace (80.4ms)
Rendered rescues/_request_and_response (1.9ms)
Rendering rescues/layout (internal_server_error)


Processing StoriesController#index (for 127.0.0.1 at 2009-07-26 23:03:42) [GET]
  [4;36;1mStory Load (1.2ms)[0m   [0;1mSELECT * FROM "stories" [0m
Rendering template within layouts/stories
Rendering stories/index
Completed in 54ms (View: 23, DB: 1) | 200 OK [http://localhost/stories]


Processing StoriesController#edit (for 127.0.0.1 at 2009-07-26 23:03:45) [GET]
  Parameters: {"id"=>"3"}
  [4;35;1mStory Load (0.9ms)[0m   [0mSELECT * FROM "stories" WHERE ("stories"."id" = 3) [0m
Rendering template within layouts/stories
Rendering stories/edit
Completed in 42ms (View: 11, DB: 1) | 200 OK [http://localhost/stories/3/edit]


Processing ApplicationController#index (for 127.0.0.1 at 2009-07-26 23:03:50) [GET]

ActionController::RoutingError (No route matches "/stories/3/taks/new" with {:method=>:get}):
  /usr/lib/ruby/1.8/webrick/httpserver.rb:104:in `service'
  /usr/lib/ruby/1.8/webrick/httpserver.rb:65:in `run'
  /usr/lib/ruby/1.8/webrick/server.rb:173:in `start_thread'
  /usr/lib/ruby/1.8/webrick/server.rb:162:in `start'
  /usr/lib/ruby/1.8/webrick/server.rb:162:in `start_thread'
  /usr/lib/ruby/1.8/webrick/server.rb:95:in `start'
  /usr/lib/ruby/1.8/webrick/server.rb:92:in `each'
  /usr/lib/ruby/1.8/webrick/server.rb:92:in `start'
  /usr/lib/ruby/1.8/webrick/server.rb:23:in `start'
  /usr/lib/ruby/1.8/webrick/server.rb:82:in `start'

Rendering rescues/layout (not_found)


Processing TasksController#new (for 127.0.0.1 at 2009-07-26 23:03:54) [GET]
  Parameters: {"story_id"=>"3"}
Rendering template within layouts/tasks
Rendering tasks/new

ActionView::TemplateError (undefined method `tasks_path' for #<ActionView::Base:0xb698adf8>) on line #3 of app/views/tasks/new.html.erb:
1: <h1>New task</h1>
2: 
3: <% form_for(@task) do |f| %>
4:   <%= f.error_messages %>
5: 
6:   <p>

    app/views/tasks/new.html.erb:3
    app/controllers/tasks_controller.rb:29:in `new'
    /usr/lib/ruby/1.8/webrick/httpserver.rb:104:in `service'
    /usr/lib/ruby/1.8/webrick/httpserver.rb:65:in `run'
    /usr/lib/ruby/1.8/webrick/server.rb:173:in `start_thread'
    /usr/lib/ruby/1.8/webrick/server.rb:162:in `start'
    /usr/lib/ruby/1.8/webrick/server.rb:162:in `start_thread'
    /usr/lib/ruby/1.8/webrick/server.rb:95:in `start'
    /usr/lib/ruby/1.8/webrick/server.rb:92:in `each'
    /usr/lib/ruby/1.8/webrick/server.rb:92:in `start'
    /usr/lib/ruby/1.8/webrick/server.rb:23:in `start'
    /usr/lib/ruby/1.8/webrick/server.rb:82:in `start'

Rendered rescues/_trace (178.8ms)
Rendered rescues/_request_and_response (2.0ms)
Rendering rescues/layout (internal_server_error)
  [4;36;1mSQL (0.8ms)[0m   [0;1m SELECT name
 FROM sqlite_master
 WHERE type = 'table' AND NOT name = 'sqlite_sequence'
[0m
  [4;35;1mSQL (0.3ms)[0m   [0mSELECT version FROM schema_migrations[0m
  [4;36;1mSQL (0.3ms)[0m   [0;1mselect sqlite_version(*)[0m
  [4;35;1mSQL (0.3ms)[0m   [0m SELECT name
 FROM sqlite_master
 WHERE type = 'table' AND NOT name = 'sqlite_sequence'
[0m
  [4;36;1mSQL (6.4ms)[0m   [0;1mCREATE TABLE "stories" ("id" INTEGER PRIMARY KEY AUTOINCREMENT NOT NULL, "title" varchar(255), "description" varchar(255), "created_at" datetime, "updated_at" datetime) [0m
  [4;35;1mSQL (0.4ms)[0m   [0m SELECT name
 FROM sqlite_master
 WHERE type = 'table' AND NOT name = 'sqlite_sequence'
[0m
  [4;36;1mSQL (3.5ms)[0m   [0;1mCREATE TABLE "tasks" ("id" INTEGER PRIMARY KEY AUTOINCREMENT NOT NULL, "story_id" integer, "description" varchar(255), "created_at" datetime, "updated_at" datetime) [0m
  [4;35;1mSQL (0.4ms)[0m   [0m SELECT name
 FROM sqlite_master
 WHERE type = 'table' AND NOT name = 'sqlite_sequence'
[0m
  [4;36;1mSQL (8.2ms)[0m   [0;1mCREATE TABLE "schema_migrations" ("version" varchar(255) NOT NULL) [0m
  [4;35;1mSQL (8.4ms)[0m   [0mCREATE UNIQUE INDEX "unique_schema_migrations" ON "schema_migrations" ("version")[0m
  [4;36;1mSQL (0.5ms)[0m   [0;1m SELECT name
 FROM sqlite_master
 WHERE type = 'table' AND NOT name = 'sqlite_sequence'
[0m
  [4;35;1mSQL (0.2ms)[0m   [0mSELECT version FROM "schema_migrations"[0m
  [4;36;1mSQL (8.2ms)[0m   [0;1mINSERT INTO "schema_migrations" (version) VALUES ('20090727010700')[0m
  [4;35;1mSQL (3.7ms)[0m   [0mINSERT INTO "schema_migrations" (version) VALUES ('20090726213438')[0m
  [4;36;1mSQL (0.8ms)[0m   [0;1m SELECT name
 FROM sqlite_master
 WHERE type = 'table' AND NOT name = 'sqlite_sequence'
[0m
  [4;35;1mSQL (0.3ms)[0m   [0mSELECT version FROM schema_migrations[0m
  [4;36;1mSQL (0.3ms)[0m   [0;1mselect sqlite_version(*)[0m
  [4;35;1mSQL (0.3ms)[0m   [0m SELECT name
 FROM sqlite_master
 WHERE type = 'table' AND NOT name = 'sqlite_sequence'
[0m
  [4;36;1mSQL (5.9ms)[0m   [0;1mCREATE TABLE "stories" ("id" INTEGER PRIMARY KEY AUTOINCREMENT NOT NULL, "title" varchar(255), "description" varchar(255), "created_at" datetime, "updated_at" datetime) [0m
  [4;35;1mSQL (0.4ms)[0m   [0m SELECT name
 FROM sqlite_master
 WHERE type = 'table' AND NOT name = 'sqlite_sequence'
[0m
  [4;36;1mSQL (3.3ms)[0m   [0;1mCREATE TABLE "tasks" ("id" INTEGER PRIMARY KEY AUTOINCREMENT NOT NULL, "story_id" integer, "description" varchar(255), "created_at" datetime, "updated_at" datetime) [0m
  [4;35;1mSQL (0.4ms)[0m   [0m SELECT name
 FROM sqlite_master
 WHERE type = 'table' AND NOT name = 'sqlite_sequence'
[0m
  [4;36;1mSQL (10.1ms)[0m   [0;1mCREATE TABLE "schema_migrations" ("version" varchar(255) NOT NULL) [0m
  [4;35;1mSQL (10.8ms)[0m   [0mCREATE UNIQUE INDEX "unique_schema_migrations" ON "schema_migrations" ("version")[0m
  [4;36;1mSQL (0.4ms)[0m   [0;1m SELECT name
 FROM sqlite_master
 WHERE type = 'table' AND NOT name = 'sqlite_sequence'
[0m
  [4;35;1mSQL (0.2ms)[0m   [0mSELECT version FROM "schema_migrations"[0m
  [4;36;1mSQL (4.3ms)[0m   [0;1mINSERT INTO "schema_migrations" (version) VALUES ('20090727010700')[0m
  [4;35;1mSQL (7.7ms)[0m   [0mINSERT INTO "schema_migrations" (version) VALUES ('20090726213438')[0m
